Index hitted
Index hitted
Index hitted
Index hitted
Sat Aug 13 2016 02:19:16 GMT+0530 (IST)::Index hitted
Sat Aug 13 2016 02:19:18 GMT+0530 (IST)::Index hitted
Sat Aug 13 2016 02:19:19 GMT+0530 (IST)::Index hitted
Sat Aug 13 2016 02:26:06 GMT+0530 (IST)::::1Main index hited.
Sat Aug 13 2016 02:28:06 GMT+0530 (IST)::::1Main index hited.
Sat Aug 13 2016 02:28:12 GMT+0530 (IST)::::1Main index hited.
Sat Aug 13 2016 02:28:16 GMT+0530 (IST)::::1Main index hited.
Sat Aug 13 2016 02:28:17 GMT+0530 (IST)::::1Main index hited.
Sat Aug 13 2016 02:28:18 GMT+0530 (IST)::::1Main index hited.
Sat Aug 13 2016 02:31:30 GMT+0530 (IST)::::1Main index hited.
Sat Aug 13 2016 02:32:19 GMT+0530 (IST)::::1Main index hited.
Sat Aug 13 2016 02:36:44 GMT+0530 (IST)::::1Main index hited.
Sat Aug 13 2016 02:39:26 GMT+0530 (IST)::::1Main index hited.
Sat Aug 13 2016 02:55:59 GMT+0530 (IST)::::1Main index hited.
Sat Aug 13 2016 02:57:27 GMT+0530 (IST)::::1Main index hited.
Sat Aug 13 2016 08:45:12 GMT+0530 (IST)::::1Main index hited.
Sat Aug 13 2016 08:46:00 GMT+0530 (IST)::::1Main index hited.
Sat Aug 13 2016 08:46:13 GMT+0530 (IST)::::1Main index hited.
Sat Aug 13 2016 08:48:37 GMT+0530 (IST)::::1Main index hited.
Sat Aug 13 2016 10:28:03 GMT+0530 (IST)::::1Main index hited.
Sat Aug 13 2016 10:28:37 GMT+0530 (IST)::::1Main index hited.
Sat Aug 13 2016 10:33:06 GMT+0530 (IST)::::1Main index hited.
Sat Aug 13 2016 10:34:55 GMT+0530 (IST)::::1Main index hited.
Sat Aug 13 2016 10:35:02 GMT+0530 (IST)::Login attempt recieved
Sat Aug 13 2016 10:35:02 GMT+0530 (IST)::Login Autheticated Success
Sat Aug 13 2016 10:39:09 GMT+0530 (IST)::::1Main index hited.
Sat Aug 13 2016 10:39:12 GMT+0530 (IST)::::1Main index hited.
Sat Aug 13 2016 10:39:14 GMT+0530 (IST)::::1Main index hited.
Sat Aug 13 2016 10:41:00 GMT+0530 (IST)::::1Main index hited.
Sat Aug 13 2016 10:42:34 GMT+0530 (IST)::::1Main index hited.
Sat Aug 13 2016 10:49:15 GMT+0530 (IST)::::1Main index hited.
Sat Aug 13 2016 10:49:39 GMT+0530 (IST)::::1Main index hited.
Sat Aug 13 2016 10:55:26 GMT+0530 (IST)::::1Main index hited.
Sat Aug 13 2016 10:56:09 GMT+0530 (IST)::::1Main index hited.
Sat Aug 13 2016 10:57:39 GMT+0530 (IST)::::1Recipt index hited.
Sat Aug 13 2016 10:58:02 GMT+0530 (IST)::::1Recipt index hited.
Sat Aug 13 2016 11:00:03 GMT+0530 (IST)::::1Recipt index hited.
Sat Aug 13 2016 11:02:52 GMT+0530 (IST)::::1Recipt index hited.
Sat Aug 13 2016 11:02:55 GMT+0530 (IST)::::1Reports index hited.
Sat Aug 13 2016 11:02:57 GMT+0530 (IST)::::1Settings index hited.
Sat Aug 13 2016 11:03:01 GMT+0530 (IST)::::1Recipt index hited.
Sat Aug 13 2016 11:03:02 GMT+0530 (IST)::::1Reports index hited.
Sat Aug 13 2016 11:03:03 GMT+0530 (IST)::::1Settings index hited.
Sat Aug 13 2016 11:05:24 GMT+0530 (IST)::::1Settings index hited.
Sat Aug 13 2016 11:05:25 GMT+0530 (IST)::::1Main index hited.
Sat Aug 13 2016 11:05:30 GMT+0530 (IST)::::1Main index hited.
Sat Aug 13 2016 11:05:32 GMT+0530 (IST)::::1Main index hited.
Sat Aug 13 2016 11:05:37 GMT+0530 (IST)::::1Recipt index hited.
Sat Aug 13 2016 11:06:15 GMT+0530 (IST)::::1Reports index hited.
Sat Aug 13 2016 11:06:18 GMT+0530 (IST)::::1DashBoard index hited.
Sat Aug 13 2016 11:06:20 GMT+0530 (IST)::::1Recipt index hited.
Sat Aug 13 2016 11:06:21 GMT+0530 (IST)::::1Reports index hited.
Sat Aug 13 2016 11:06:22 GMT+0530 (IST)::::1Settings index hited.
Sat Aug 13 2016 11:12:44 GMT+0530 (IST)::::1Main index hited.
Sat Aug 13 2016 11:12:45 GMT+0530 (IST)::::1404 index hited.
Sat Aug 13 2016 11:12:45 GMT+0530 (IST)::::1404 index hited.
Sat Aug 13 2016 11:12:52 GMT+0530 (IST)::::1404 index hited.
Sat Aug 13 2016 11:12:52 GMT+0530 (IST)::::1404 index hited.
Sat Aug 13 2016 11:12:52 GMT+0530 (IST)::::1404 index hited.
Sat Aug 13 2016 11:13:11 GMT+0530 (IST)::::1Main index hited.
Sat Aug 13 2016 11:13:11 GMT+0530 (IST)::::1404 index hited.
Sat Aug 13 2016 11:13:11 GMT+0530 (IST)::::1404 index hited.
Sat Aug 13 2016 11:13:12 GMT+0530 (IST)::::1DashBoard index hited.
Sat Aug 13 2016 11:13:12 GMT+0530 (IST)::::1404 index hited.
Sat Aug 13 2016 11:13:12 GMT+0530 (IST)::::1404 index hited.
Sat Aug 13 2016 11:13:13 GMT+0530 (IST)::::1Recipt index hited.
Sat Aug 13 2016 11:13:13 GMT+0530 (IST)::::1404 index hited.
Sat Aug 13 2016 11:13:13 GMT+0530 (IST)::::1404 index hited.
Sat Aug 13 2016 11:13:14 GMT+0530 (IST)::::1Reports index hited.
Sat Aug 13 2016 11:13:14 GMT+0530 (IST)::::1404 index hited.
Sat Aug 13 2016 11:13:14 GMT+0530 (IST)::::1404 index hited.
Sat Aug 13 2016 11:13:15 GMT+0530 (IST)::::1Settings index hited.
Sat Aug 13 2016 11:13:15 GMT+0530 (IST)::::1404 index hited.
Sat Aug 13 2016 11:13:15 GMT+0530 (IST)::::1404 index hited.
Sat Aug 13 2016 11:13:16 GMT+0530 (IST)::::1Main index hited.
Sat Aug 13 2016 11:13:16 GMT+0530 (IST)::::1404 index hited.
Sat Aug 13 2016 11:13:16 GMT+0530 (IST)::::1404 index hited.
Sat Aug 13 2016 11:13:23 GMT+0530 (IST)::::1DashBoard index hited.
Sat Aug 13 2016 11:13:24 GMT+0530 (IST)::::1404 index hited.
Sat Aug 13 2016 11:13:24 GMT+0530 (IST)::::1404 index hited.
Sat Aug 13 2016 11:13:25 GMT+0530 (IST)::::1Main index hited.
Sat Aug 13 2016 11:13:25 GMT+0530 (IST)::::1404 index hited.
Sat Aug 13 2016 11:13:25 GMT+0530 (IST)::::1404 index hited.
Sat Aug 13 2016 11:13:40 GMT+0530 (IST)::::1404 index hited.
Sat Aug 13 2016 11:13:40 GMT+0530 (IST)::::1404 index hited.
Sat Aug 13 2016 11:13:40 GMT+0530 (IST)::::1404 index hited.
Sat Aug 13 2016 11:30:25 GMT+0530 (IST)::::1Main index hited.
Sat Aug 13 2016 11:30:26 GMT+0530 (IST)::::1404 index hited.
Sat Aug 13 2016 11:30:26 GMT+0530 (IST)::::1404 index hited.
Sat Aug 13 2016 11:32:58 GMT+0530 (IST)::::1DashBoard index hited.
Sat Aug 13 2016 11:32:58 GMT+0530 (IST)::::1404 index hited.
Sat Aug 13 2016 11:32:58 GMT+0530 (IST)::::1404 index hited.
Sat Aug 13 2016 11:33:00 GMT+0530 (IST)::::1Recipt index hited.
Sat Aug 13 2016 11:33:00 GMT+0530 (IST)::::1404 index hited.
Sat Aug 13 2016 11:33:00 GMT+0530 (IST)::::1404 index hited.
Sat Aug 13 2016 11:33:01 GMT+0530 (IST)::::1Reports index hited.
Sat Aug 13 2016 11:33:01 GMT+0530 (IST)::::1404 index hited.
Sat Aug 13 2016 11:33:01 GMT+0530 (IST)::::1404 index hited.
Sat Aug 13 2016 11:33:02 GMT+0530 (IST)::::1Settings index hited.
Sat Aug 13 2016 11:33:03 GMT+0530 (IST)::::1404 index hited.
Sat Aug 13 2016 11:33:03 GMT+0530 (IST)::::1404 index hited.
Sat Aug 13 2016 11:33:04 GMT+0530 (IST)::::1Main index hited.
Sat Aug 13 2016 11:33:04 GMT+0530 (IST)::::1404 index hited.
Sat Aug 13 2016 11:33:04 GMT+0530 (IST)::::1404 index hited.
Sat Aug 13 2016 11:33:34 GMT+0530 (IST)::::1DashBoard index hited.
Sat Aug 13 2016 11:33:34 GMT+0530 (IST)::::1404 index hited.
Sat Aug 13 2016 11:33:34 GMT+0530 (IST)::::1404 index hited.
Sat Aug 13 2016 11:33:37 GMT+0530 (IST)::::1Recipt index hited.
Sat Aug 13 2016 11:33:37 GMT+0530 (IST)::::1404 index hited.
Sat Aug 13 2016 11:33:37 GMT+0530 (IST)::::1404 index hited.
Sat Aug 13 2016 11:36:00 GMT+0530 (IST)::::1Reports index hited.
Sat Aug 13 2016 11:36:00 GMT+0530 (IST)::::1404 index hited.
Sat Aug 13 2016 11:36:00 GMT+0530 (IST)::::1404 index hited.
Sat Aug 13 2016 11:37:59 GMT+0530 (IST)::::1DashBoard index hited.
Sat Aug 13 2016 11:37:59 GMT+0530 (IST)::::1404 index hited.
Sat Aug 13 2016 11:37:59 GMT+0530 (IST)::::1404 index hited.
Sat Aug 13 2016 11:45:34 GMT+0530 (IST)::::1DashBoard index hited.
Sat Aug 13 2016 11:45:34 GMT+0530 (IST)::::1404 index hited.
Sat Aug 13 2016 11:45:34 GMT+0530 (IST)::::1404 index hited.
Sat Aug 13 2016 11:56:25 GMT+0530 (IST)::::1DashBoard index hited.
Sat Aug 13 2016 11:56:25 GMT+0530 (IST)::::1404 index hited.
Sat Aug 13 2016 11:56:25 GMT+0530 (IST)::::1404 index hited.
Sat Aug 13 2016 12:03:50 GMT+0530 (IST)::::1DashBoard index hited.
Sat Aug 13 2016 12:03:50 GMT+0530 (IST)::::1404 index hited.
Sat Aug 13 2016 12:03:50 GMT+0530 (IST)::::1404 index hited.
Sat Aug 13 2016 12:04:43 GMT+0530 (IST)::::1Recipt index hited.
Sat Aug 13 2016 12:04:44 GMT+0530 (IST)::::1404 index hited.
Sat Aug 13 2016 12:04:44 GMT+0530 (IST)::::1404 index hited.
Sat Aug 13 2016 12:04:45 GMT+0530 (IST)::::1DashBoard index hited.
Sat Aug 13 2016 12:04:45 GMT+0530 (IST)::::1404 index hited.
Sat Aug 13 2016 12:04:45 GMT+0530 (IST)::::1404 index hited.
Sat Aug 13 2016 12:04:56 GMT+0530 (IST)::::1Main index hited.
Sat Aug 13 2016 12:04:57 GMT+0530 (IST)::::1404 index hited.
Sat Aug 13 2016 12:04:57 GMT+0530 (IST)::::1404 index hited.
Sat Aug 13 2016 12:04:58 GMT+0530 (IST)::::1Recipt index hited.
Sat Aug 13 2016 12:04:58 GMT+0530 (IST)::::1404 index hited.
Sat Aug 13 2016 12:04:58 GMT+0530 (IST)::::1404 index hited.
Sat Aug 13 2016 12:04:58 GMT+0530 (IST)::::1DashBoard index hited.
Sat Aug 13 2016 12:04:58 GMT+0530 (IST)::::1404 index hited.
Sat Aug 13 2016 12:04:58 GMT+0530 (IST)::::1404 index hited.
Sat Aug 13 2016 12:05:56 GMT+0530 (IST)::::1Recipt index hited.
Sat Aug 13 2016 12:05:56 GMT+0530 (IST)::::1404 index hited.
Sat Aug 13 2016 12:05:56 GMT+0530 (IST)::::1404 index hited.
Sat Aug 13 2016 12:05:57 GMT+0530 (IST)::::1Reports index hited.
Sat Aug 13 2016 12:05:57 GMT+0530 (IST)::::1404 index hited.
Sat Aug 13 2016 12:05:57 GMT+0530 (IST)::::1404 index hited.
Sat Aug 13 2016 12:05:58 GMT+0530 (IST)::::1Settings index hited.
Sat Aug 13 2016 12:05:58 GMT+0530 (IST)::::1404 index hited.
Sat Aug 13 2016 12:05:58 GMT+0530 (IST)::::1404 index hited.
Sat Aug 13 2016 12:05:59 GMT+0530 (IST)::::1Main index hited.
Sat Aug 13 2016 12:05:59 GMT+0530 (IST)::::1404 index hited.
Sat Aug 13 2016 12:05:59 GMT+0530 (IST)::::1404 index hited.
Sat Aug 13 2016 12:06:00 GMT+0530 (IST)::::1Settings index hited.
Sat Aug 13 2016 12:06:00 GMT+0530 (IST)::::1404 index hited.
Sat Aug 13 2016 12:06:00 GMT+0530 (IST)::::1404 index hited.
Sat Aug 13 2016 12:06:02 GMT+0530 (IST)::::1Reports index hited.
Sat Aug 13 2016 12:06:02 GMT+0530 (IST)::::1404 index hited.
Sat Aug 13 2016 12:06:02 GMT+0530 (IST)::::1404 index hited.
Sat Aug 13 2016 12:06:03 GMT+0530 (IST)::::1Recipt index hited.
Sat Aug 13 2016 12:06:03 GMT+0530 (IST)::::1404 index hited.
Sat Aug 13 2016 12:06:03 GMT+0530 (IST)::::1404 index hited.
Sat Aug 13 2016 12:06:04 GMT+0530 (IST)::::1DashBoard index hited.
Sat Aug 13 2016 12:06:04 GMT+0530 (IST)::::1404 index hited.
Sat Aug 13 2016 12:06:04 GMT+0530 (IST)::::1404 index hited.
Sat Aug 13 2016 12:06:05 GMT+0530 (IST)::::1Main index hited.
Sat Aug 13 2016 12:06:05 GMT+0530 (IST)::::1404 index hited.
Sat Aug 13 2016 12:06:05 GMT+0530 (IST)::::1404 index hited.
Sat Aug 13 2016 12:06:06 GMT+0530 (IST)::::1DashBoard index hited.
Sat Aug 13 2016 12:06:06 GMT+0530 (IST)::::1404 index hited.
Sat Aug 13 2016 12:06:06 GMT+0530 (IST)::::1404 index hited.
Sat Aug 13 2016 12:07:22 GMT+0530 (IST)::::1DashBoard index hited.
Sat Aug 13 2016 12:07:22 GMT+0530 (IST)::::1404 index hited.
Sat Aug 13 2016 12:07:22 GMT+0530 (IST)::::1404 index hited.
Sat Aug 13 2016 12:07:27 GMT+0530 (IST)::::1DashBoard index hited.
Sat Aug 13 2016 12:07:27 GMT+0530 (IST)::::1404 index hited.
Sat Aug 13 2016 12:07:27 GMT+0530 (IST)::::1404 index hited.
Sat Aug 13 2016 12:08:18 GMT+0530 (IST)::::1DashBoard index hited.
Sat Aug 13 2016 12:08:18 GMT+0530 (IST)::::1404 index hited.
Sat Aug 13 2016 12:08:18 GMT+0530 (IST)::::1404 index hited.
Sat Aug 13 2016 12:08:54 GMT+0530 (IST)::::1DashBoard index hited.
Sat Aug 13 2016 12:08:54 GMT+0530 (IST)::::1404 index hited.
Sat Aug 13 2016 12:08:54 GMT+0530 (IST)::::1404 index hited.
Sat Aug 13 2016 12:09:46 GMT+0530 (IST)::::1DashBoard index hited.
Sat Aug 13 2016 12:09:47 GMT+0530 (IST)::::1404 index hited.
Sat Aug 13 2016 12:09:47 GMT+0530 (IST)::::1404 index hited.
Sat Aug 13 2016 12:20:58 GMT+0530 (IST)::::1DashBoard index hited.
Sat Aug 13 2016 12:20:58 GMT+0530 (IST)::::1404 index hited.
Sat Aug 13 2016 12:20:58 GMT+0530 (IST)::::1404 index hited.
Sat Aug 13 2016 12:21:13 GMT+0530 (IST)::::1Recipt index hited.
Sat Aug 13 2016 12:21:13 GMT+0530 (IST)::::1404 index hited.
Sat Aug 13 2016 12:21:13 GMT+0530 (IST)::::1404 index hited.
Sat Aug 13 2016 12:21:16 GMT+0530 (IST)::::1DashBoard index hited.
Sat Aug 13 2016 12:21:16 GMT+0530 (IST)::::1404 index hited.
Sat Aug 13 2016 12:21:16 GMT+0530 (IST)::::1404 index hited.
Sat Aug 13 2016 12:21:18 GMT+0530 (IST)::::1Recipt index hited.
Sat Aug 13 2016 12:21:18 GMT+0530 (IST)::::1404 index hited.
Sat Aug 13 2016 12:21:18 GMT+0530 (IST)::::1404 index hited.
Sat Aug 13 2016 12:21:36 GMT+0530 (IST)::::1DashBoard index hited.
Sat Aug 13 2016 12:21:36 GMT+0530 (IST)::::1404 index hited.
Sat Aug 13 2016 12:21:36 GMT+0530 (IST)::::1404 index hited.
Sat Aug 13 2016 12:22:17 GMT+0530 (IST)::::1DashBoard index hited.
Sat Aug 13 2016 12:22:18 GMT+0530 (IST)::::1404 index hited.
Sat Aug 13 2016 12:22:18 GMT+0530 (IST)::::1404 index hited.
Sat Aug 13 2016 12:22:34 GMT+0530 (IST)::::1Main index hited.
Sat Aug 13 2016 12:22:34 GMT+0530 (IST)::::1404 index hited.
Sat Aug 13 2016 12:22:34 GMT+0530 (IST)::::1404 index hited.
Sat Aug 13 2016 12:22:35 GMT+0530 (IST)::::1DashBoard index hited.
Sat Aug 13 2016 12:22:36 GMT+0530 (IST)::::1404 index hited.
Sat Aug 13 2016 12:22:36 GMT+0530 (IST)::::1404 index hited.
Sat Aug 13 2016 12:22:37 GMT+0530 (IST)::::1Main index hited.
Sat Aug 13 2016 12:22:37 GMT+0530 (IST)::::1404 index hited.
Sat Aug 13 2016 12:22:37 GMT+0530 (IST)::::1404 index hited.
Sat Aug 13 2016 12:22:38 GMT+0530 (IST)::::1DashBoard index hited.
Sat Aug 13 2016 12:22:38 GMT+0530 (IST)::::1404 index hited.
Sat Aug 13 2016 12:22:38 GMT+0530 (IST)::::1404 index hited.
Sat Aug 13 2016 12:31:10 GMT+0530 (IST)::::1Recipt index hited.
Sat Aug 13 2016 12:31:10 GMT+0530 (IST)::::1404 index hited.
Sat Aug 13 2016 12:31:10 GMT+0530 (IST)::::1404 index hited.
Sat Aug 13 2016 12:32:02 GMT+0530 (IST)::::1Reports index hited.
Sat Aug 13 2016 12:32:02 GMT+0530 (IST)::::1404 index hited.
Sat Aug 13 2016 12:32:03 GMT+0530 (IST)::::1404 index hited.
Sat Aug 13 2016 12:32:42 GMT+0530 (IST)::::1Reports index hited.
Sat Aug 13 2016 12:32:43 GMT+0530 (IST)::::1404 index hited.
Sat Aug 13 2016 12:32:43 GMT+0530 (IST)::::1404 index hited.
Sat Aug 13 2016 12:41:43 GMT+0530 (IST)::::1Reports index hited.
Sat Aug 13 2016 12:41:43 GMT+0530 (IST)::::1404 index hited.
Sat Aug 13 2016 12:41:43 GMT+0530 (IST)::::1404 index hited.
Sat Aug 13 2016 12:41:53 GMT+0530 (IST)::Login attempt recieved
Sat Aug 13 2016 12:41:53 GMT+0530 (IST)::Login Failed
Sat Aug 13 2016 12:42:31 GMT+0530 (IST)::::1Reports index hited.
Sat Aug 13 2016 12:42:31 GMT+0530 (IST)::::1404 index hited.
Sat Aug 13 2016 12:42:31 GMT+0530 (IST)::::1404 index hited.
Sat Aug 13 2016 12:43:25 GMT+0530 (IST)::::1Settings index hited.
Sat Aug 13 2016 12:43:25 GMT+0530 (IST)::::1404 index hited.
Sat Aug 13 2016 12:43:25 GMT+0530 (IST)::::1404 index hited.
Sat Aug 13 2016 12:43:27 GMT+0530 (IST)::::1Reports index hited.
Sat Aug 13 2016 12:43:27 GMT+0530 (IST)::::1404 index hited.
Sat Aug 13 2016 12:43:27 GMT+0530 (IST)::::1404 index hited.
Sat Aug 13 2016 12:43:28 GMT+0530 (IST)::::1Recipt index hited.
Sat Aug 13 2016 12:43:28 GMT+0530 (IST)::::1404 index hited.
Sat Aug 13 2016 12:43:28 GMT+0530 (IST)::::1404 index hited.
Sat Aug 13 2016 12:43:30 GMT+0530 (IST)::::1Settings index hited.
Sat Aug 13 2016 12:43:30 GMT+0530 (IST)::::1404 index hited.
Sat Aug 13 2016 12:43:30 GMT+0530 (IST)::::1404 index hited.
Sat Aug 13 2016 12:43:31 GMT+0530 (IST)::::1Main index hited.
Sat Aug 13 2016 12:43:31 GMT+0530 (IST)::::1404 index hited.
Sat Aug 13 2016 12:43:31 GMT+0530 (IST)::::1404 index hited.
Sat Aug 13 2016 12:43:33 GMT+0530 (IST)::::1DashBoard index hited.
Sat Aug 13 2016 12:43:33 GMT+0530 (IST)::::1404 index hited.
Sat Aug 13 2016 12:43:33 GMT+0530 (IST)::::1404 index hited.
Sat Aug 13 2016 12:43:34 GMT+0530 (IST)::::1Recipt index hited.
Sat Aug 13 2016 12:43:34 GMT+0530 (IST)::::1404 index hited.
Sat Aug 13 2016 12:43:34 GMT+0530 (IST)::::1404 index hited.
Sat Aug 13 2016 12:43:35 GMT+0530 (IST)::::1Reports index hited.
Sat Aug 13 2016 12:43:35 GMT+0530 (IST)::::1404 index hited.
Sat Aug 13 2016 12:43:35 GMT+0530 (IST)::::1404 index hited.
Sat Aug 13 2016 12:43:37 GMT+0530 (IST)::::1DashBoard index hited.
Sat Aug 13 2016 12:43:37 GMT+0530 (IST)::::1404 index hited.
Sat Aug 13 2016 12:43:37 GMT+0530 (IST)::::1404 index hited.
Sat Aug 13 2016 12:43:39 GMT+0530 (IST)::::1Recipt index hited.
Sat Aug 13 2016 12:43:40 GMT+0530 (IST)::::1404 index hited.
Sat Aug 13 2016 12:43:40 GMT+0530 (IST)::::1404 index hited.
Sat Aug 13 2016 12:43:41 GMT+0530 (IST)::::1Reports index hited.
Sat Aug 13 2016 12:43:41 GMT+0530 (IST)::::1404 index hited.
Sat Aug 13 2016 12:43:41 GMT+0530 (IST)::::1404 index hited.
Sat Aug 13 2016 12:43:43 GMT+0530 (IST)::::1Recipt index hited.
Sat Aug 13 2016 12:43:43 GMT+0530 (IST)::::1404 index hited.
Sat Aug 13 2016 12:43:43 GMT+0530 (IST)::::1404 index hited.
Sat Aug 13 2016 12:43:47 GMT+0530 (IST)::::1Reports index hited.
Sat Aug 13 2016 12:43:47 GMT+0530 (IST)::::1404 index hited.
Sat Aug 13 2016 12:43:47 GMT+0530 (IST)::::1404 index hited.
Sat Aug 13 2016 12:45:06 GMT+0530 (IST)::::1Recipt index hited.
Sat Aug 13 2016 12:45:06 GMT+0530 (IST)::::1404 index hited.
Sat Aug 13 2016 12:45:06 GMT+0530 (IST)::::1404 index hited.
Sat Aug 13 2016 12:45:07 GMT+0530 (IST)::::1Reports index hited.
Sat Aug 13 2016 12:45:07 GMT+0530 (IST)::::1404 index hited.
Sat Aug 13 2016 12:45:07 GMT+0530 (IST)::::1404 index hited.
Sat Aug 13 2016 12:45:20 GMT+0530 (IST)::::1Recipt index hited.
Sat Aug 13 2016 12:45:20 GMT+0530 (IST)::::1404 index hited.
Sat Aug 13 2016 12:45:20 GMT+0530 (IST)::::1404 index hited.
Sat Aug 13 2016 12:45:21 GMT+0530 (IST)::::1DashBoard index hited.
Sat Aug 13 2016 12:45:21 GMT+0530 (IST)::::1404 index hited.
Sat Aug 13 2016 12:45:21 GMT+0530 (IST)::::1404 index hited.
Sat Aug 13 2016 12:45:27 GMT+0530 (IST)::::1Recipt index hited.
Sat Aug 13 2016 12:45:27 GMT+0530 (IST)::::1404 index hited.
Sat Aug 13 2016 12:45:27 GMT+0530 (IST)::::1404 index hited.
Sat Aug 13 2016 12:45:28 GMT+0530 (IST)::::1Reports index hited.
Sat Aug 13 2016 12:45:28 GMT+0530 (IST)::::1404 index hited.
Sat Aug 13 2016 12:45:28 GMT+0530 (IST)::::1404 index hited.
Sat Aug 13 2016 12:45:46 GMT+0530 (IST)::::1Main index hited.
Sat Aug 13 2016 12:45:47 GMT+0530 (IST)::::1404 index hited.
Sat Aug 13 2016 12:45:47 GMT+0530 (IST)::::1404 index hited.
Sat Aug 13 2016 12:45:48 GMT+0530 (IST)::::1DashBoard index hited.
Sat Aug 13 2016 12:45:48 GMT+0530 (IST)::::1404 index hited.
Sat Aug 13 2016 12:45:48 GMT+0530 (IST)::::1404 index hited.
Sat Aug 13 2016 12:45:52 GMT+0530 (IST)::::1Recipt index hited.
Sat Aug 13 2016 12:45:52 GMT+0530 (IST)::::1404 index hited.
Sat Aug 13 2016 12:45:52 GMT+0530 (IST)::::1404 index hited.
Sat Aug 13 2016 12:45:54 GMT+0530 (IST)::::1Reports index hited.
Sat Aug 13 2016 12:45:54 GMT+0530 (IST)::::1404 index hited.
Sat Aug 13 2016 12:45:54 GMT+0530 (IST)::::1404 index hited.
Sat Aug 13 2016 12:49:14 GMT+0530 (IST)::::1Reports index hited.
Sat Aug 13 2016 12:49:15 GMT+0530 (IST)::::1404 index hited.
Sat Aug 13 2016 12:49:15 GMT+0530 (IST)::::1404 index hited.
Sat Aug 13 2016 12:56:45 GMT+0530 (IST)::::1Reports index hited.
Sat Aug 13 2016 12:56:45 GMT+0530 (IST)::::1404 index hited.
Sat Aug 13 2016 12:56:45 GMT+0530 (IST)::::1404 index hited.
Sat Aug 13 2016 12:56:57 GMT+0530 (IST)::Login attempt recieved
Sat Aug 13 2016 12:56:57 GMT+0530 (IST)::Login Failed
Sat Aug 13 2016 12:57:30 GMT+0530 (IST)::::1Reports index hited.
Sat Aug 13 2016 12:57:30 GMT+0530 (IST)::::1404 index hited.
Sat Aug 13 2016 12:57:30 GMT+0530 (IST)::::1404 index hited.
Sat Aug 13 2016 12:57:34 GMT+0530 (IST)::::1Reports index hited.
Sat Aug 13 2016 12:57:34 GMT+0530 (IST)::::1404 index hited.
Sat Aug 13 2016 12:57:34 GMT+0530 (IST)::::1404 index hited.
Sat Aug 13 2016 12:57:39 GMT+0530 (IST)::::1Reports index hited.
Sat Aug 13 2016 12:57:39 GMT+0530 (IST)::::1404 index hited.
Sat Aug 13 2016 12:57:39 GMT+0530 (IST)::::1404 index hited.
Sat Aug 13 2016 12:57:40 GMT+0530 (IST)::::1Reports index hited.
Sat Aug 13 2016 12:57:40 GMT+0530 (IST)::::1404 index hited.
Sat Aug 13 2016 12:57:40 GMT+0530 (IST)::::1404 index hited.
Sat Aug 13 2016 13:00:51 GMT+0530 (IST)::::1Reports index hited.
Sat Aug 13 2016 13:00:52 GMT+0530 (IST)::::1404 index hited.
Sat Aug 13 2016 13:00:52 GMT+0530 (IST)::::1404 index hited.
Sat Aug 13 2016 13:01:03 GMT+0530 (IST)::::1Reports index hited.
Sat Aug 13 2016 13:01:03 GMT+0530 (IST)::::1404 index hited.
Sat Aug 13 2016 13:01:03 GMT+0530 (IST)::::1404 index hited.
Sat Aug 13 2016 13:01:43 GMT+0530 (IST)::::1Reports index hited.
Sat Aug 13 2016 13:01:43 GMT+0530 (IST)::::1404 index hited.
Sat Aug 13 2016 13:01:43 GMT+0530 (IST)::::1404 index hited.
Sat Aug 13 2016 13:01:48 GMT+0530 (IST)::::1Reports index hited.
Sat Aug 13 2016 13:01:48 GMT+0530 (IST)::::1404 index hited.
Sat Aug 13 2016 13:01:48 GMT+0530 (IST)::::1404 index hited.
Sat Aug 13 2016 13:01:59 GMT+0530 (IST)::::1Recipt index hited.
Sat Aug 13 2016 13:01:59 GMT+0530 (IST)::::1404 index hited.
Sat Aug 13 2016 13:01:59 GMT+0530 (IST)::::1404 index hited.
Sat Aug 13 2016 13:02:00 GMT+0530 (IST)::::1Reports index hited.
Sat Aug 13 2016 13:02:00 GMT+0530 (IST)::::1404 index hited.
Sat Aug 13 2016 13:02:00 GMT+0530 (IST)::::1404 index hited.
Sat Aug 13 2016 13:02:19 GMT+0530 (IST)::::1DashBoard index hited.
Sat Aug 13 2016 13:02:20 GMT+0530 (IST)::::1404 index hited.
Sat Aug 13 2016 13:02:20 GMT+0530 (IST)::::1404 index hited.
Sat Aug 13 2016 13:02:21 GMT+0530 (IST)::::1Recipt index hited.
Sat Aug 13 2016 13:02:21 GMT+0530 (IST)::::1404 index hited.
Sat Aug 13 2016 13:02:21 GMT+0530 (IST)::::1404 index hited.
Sat Aug 13 2016 13:03:16 GMT+0530 (IST)::::1Recipt index hited.
Sat Aug 13 2016 13:03:17 GMT+0530 (IST)::::1404 index hited.
Sat Aug 13 2016 13:03:17 GMT+0530 (IST)::::1404 index hited.
Sat Aug 13 2016 13:03:20 GMT+0530 (IST)::::1Recipt index hited.
Sat Aug 13 2016 13:03:21 GMT+0530 (IST)::::1404 index hited.
Sat Aug 13 2016 13:03:21 GMT+0530 (IST)::::1404 index hited.
Sat Aug 13 2016 13:03:22 GMT+0530 (IST)::::1Recipt index hited.
Sat Aug 13 2016 13:03:23 GMT+0530 (IST)::::1404 index hited.
Sat Aug 13 2016 13:03:23 GMT+0530 (IST)::::1404 index hited.
Sat Aug 13 2016 13:03:23 GMT+0530 (IST)::::1Reports index hited.
Sat Aug 13 2016 13:03:23 GMT+0530 (IST)::::1404 index hited.
Sat Aug 13 2016 13:03:23 GMT+0530 (IST)::::1404 index hited.
Sat Aug 13 2016 13:03:57 GMT+0530 (IST)::::1Recipt index hited.
Sat Aug 13 2016 13:03:57 GMT+0530 (IST)::::1404 index hited.
Sat Aug 13 2016 13:03:57 GMT+0530 (IST)::::1404 index hited.
Sat Aug 13 2016 13:03:59 GMT+0530 (IST)::::1Reports index hited.
Sat Aug 13 2016 13:03:59 GMT+0530 (IST)::::1404 index hited.
Sat Aug 13 2016 13:03:59 GMT+0530 (IST)::::1404 index hited.
Sat Aug 13 2016 13:04:02 GMT+0530 (IST)::::1Recipt index hited.
Sat Aug 13 2016 13:04:02 GMT+0530 (IST)::::1404 index hited.
Sat Aug 13 2016 13:04:02 GMT+0530 (IST)::::1404 index hited.
Sat Aug 13 2016 13:04:03 GMT+0530 (IST)::::1DashBoard index hited.
Sat Aug 13 2016 13:04:03 GMT+0530 (IST)::::1404 index hited.
Sat Aug 13 2016 13:04:03 GMT+0530 (IST)::::1404 index hited.
Sat Aug 13 2016 13:04:05 GMT+0530 (IST)::::1Main index hited.
Sat Aug 13 2016 13:04:05 GMT+0530 (IST)::::1404 index hited.
Sat Aug 13 2016 13:04:05 GMT+0530 (IST)::::1404 index hited.
Sat Aug 13 2016 13:04:06 GMT+0530 (IST)::::1DashBoard index hited.
Sat Aug 13 2016 13:04:06 GMT+0530 (IST)::::1404 index hited.
Sat Aug 13 2016 13:04:06 GMT+0530 (IST)::::1404 index hited.
Sat Aug 13 2016 13:04:07 GMT+0530 (IST)::::1Recipt index hited.
Sat Aug 13 2016 13:04:07 GMT+0530 (IST)::::1404 index hited.
Sat Aug 13 2016 13:04:07 GMT+0530 (IST)::::1404 index hited.
Sat Aug 13 2016 13:04:08 GMT+0530 (IST)::::1Reports index hited.
Sat Aug 13 2016 13:04:08 GMT+0530 (IST)::::1404 index hited.
Sat Aug 13 2016 13:04:08 GMT+0530 (IST)::::1404 index hited.
Sat Aug 13 2016 13:04:09 GMT+0530 (IST)::::1Reports index hited.
Sat Aug 13 2016 13:04:09 GMT+0530 (IST)::::1404 index hited.
Sat Aug 13 2016 13:04:09 GMT+0530 (IST)::::1404 index hited.
Sat Aug 13 2016 13:04:10 GMT+0530 (IST)::::1Settings index hited.
Sat Aug 13 2016 13:04:10 GMT+0530 (IST)::::1404 index hited.
Sat Aug 13 2016 13:04:10 GMT+0530 (IST)::::1404 index hited.
Sat Aug 13 2016 13:04:10 GMT+0530 (IST)::::1Settings index hited.
Sat Aug 13 2016 13:04:11 GMT+0530 (IST)::::1404 index hited.
Sat Aug 13 2016 13:04:11 GMT+0530 (IST)::::1404 index hited.
Sat Aug 13 2016 13:04:12 GMT+0530 (IST)::::1Reports index hited.
Sat Aug 13 2016 13:04:12 GMT+0530 (IST)::::1404 index hited.
Sat Aug 13 2016 13:04:12 GMT+0530 (IST)::::1404 index hited.
Sat Aug 13 2016 13:04:13 GMT+0530 (IST)::::1Recipt index hited.
Sat Aug 13 2016 13:04:13 GMT+0530 (IST)::::1404 index hited.
Sat Aug 13 2016 13:04:13 GMT+0530 (IST)::::1404 index hited.
Sat Aug 13 2016 13:04:13 GMT+0530 (IST)::::1DashBoard index hited.
Sat Aug 13 2016 13:04:13 GMT+0530 (IST)::::1404 index hited.
Sat Aug 13 2016 13:04:13 GMT+0530 (IST)::::1404 index hited.
Sat Aug 13 2016 13:04:14 GMT+0530 (IST)::::1Main index hited.
Sat Aug 13 2016 13:04:14 GMT+0530 (IST)::::1404 index hited.
Sat Aug 13 2016 13:04:14 GMT+0530 (IST)::::1404 index hited.
Sat Aug 13 2016 13:04:52 GMT+0530 (IST)::::1DashBoard index hited.
Sat Aug 13 2016 13:04:52 GMT+0530 (IST)::::1404 index hited.
Sat Aug 13 2016 13:04:52 GMT+0530 (IST)::::1404 index hited.
Sat Aug 13 2016 13:04:53 GMT+0530 (IST)::::1Recipt index hited.
Sat Aug 13 2016 13:04:53 GMT+0530 (IST)::::1404 index hited.
Sat Aug 13 2016 13:04:53 GMT+0530 (IST)::::1404 index hited.
Sat Aug 13 2016 13:05:09 GMT+0530 (IST)::::1Reports index hited.
Sat Aug 13 2016 13:05:10 GMT+0530 (IST)::::1404 index hited.
Sat Aug 13 2016 13:05:10 GMT+0530 (IST)::::1404 index hited.
Sat Aug 13 2016 13:05:11 GMT+0530 (IST)::::1Recipt index hited.
Sat Aug 13 2016 13:05:11 GMT+0530 (IST)::::1404 index hited.
Sat Aug 13 2016 13:05:11 GMT+0530 (IST)::::1404 index hited.
Sat Aug 13 2016 13:05:13 GMT+0530 (IST)::::1Reports index hited.
Sat Aug 13 2016 13:05:13 GMT+0530 (IST)::::1404 index hited.
Sat Aug 13 2016 13:05:13 GMT+0530 (IST)::::1404 index hited.
Sat Aug 13 2016 13:05:14 GMT+0530 (IST)::::1Settings index hited.
Sat Aug 13 2016 13:05:14 GMT+0530 (IST)::::1404 index hited.
Sat Aug 13 2016 13:05:14 GMT+0530 (IST)::::1404 index hited.
Sat Aug 13 2016 13:05:15 GMT+0530 (IST)::::1Main index hited.
Sat Aug 13 2016 13:05:15 GMT+0530 (IST)::::1404 index hited.
Sat Aug 13 2016 13:05:15 GMT+0530 (IST)::::1404 index hited.
Sat Aug 13 2016 13:05:16 GMT+0530 (IST)::::1Settings index hited.
Sat Aug 13 2016 13:05:16 GMT+0530 (IST)::::1404 index hited.
Sat Aug 13 2016 13:05:16 GMT+0530 (IST)::::1404 index hited.
Sat Aug 13 2016 13:05:17 GMT+0530 (IST)::::1Reports index hited.
Sat Aug 13 2016 13:05:17 GMT+0530 (IST)::::1404 index hited.
Sat Aug 13 2016 13:05:17 GMT+0530 (IST)::::1404 index hited.
Sat Aug 13 2016 13:05:18 GMT+0530 (IST)::::1Recipt index hited.
Sat Aug 13 2016 13:05:18 GMT+0530 (IST)::::1404 index hited.
Sat Aug 13 2016 13:05:18 GMT+0530 (IST)::::1404 index hited.
Sat Aug 13 2016 13:05:18 GMT+0530 (IST)::::1DashBoard index hited.
Sat Aug 13 2016 13:05:19 GMT+0530 (IST)::::1404 index hited.
Sat Aug 13 2016 13:05:19 GMT+0530 (IST)::::1404 index hited.
Sat Aug 13 2016 13:05:19 GMT+0530 (IST)::::1Main index hited.
Sat Aug 13 2016 13:05:19 GMT+0530 (IST)::::1404 index hited.
Sat Aug 13 2016 13:05:19 GMT+0530 (IST)::::1404 index hited.
Sat Aug 13 2016 13:10:25 GMT+0530 (IST)::Login attempt recieved
Sat Aug 13 2016 13:10:25 GMT+0530 (IST)::Login Failed
Sat Aug 13 2016 13:10:41 GMT+0530 (IST)::Login attempt recieved
Sat Aug 13 2016 13:10:41 GMT+0530 (IST)::Login Failed
Sat Aug 13 2016 13:11:16 GMT+0530 (IST)::Login attempt recieved
Sat Aug 13 2016 13:11:16 GMT+0530 (IST)::Login Failed
Sat Aug 13 2016 13:11:16 GMT+0530 (IST)::::1404 index hited.
Sat Aug 13 2016 13:11:16 GMT+0530 (IST)::::1404 index hited.
Sat Aug 13 2016 13:11:16 GMT+0530 (IST)::::1404 index hited.
Sat Aug 13 2016 13:12:32 GMT+0530 (IST)::::1Login failed hited.
Sat Aug 13 2016 13:12:32 GMT+0530 (IST)::::1404 index hited.
Sat Aug 13 2016 13:12:32 GMT+0530 (IST)::::1404 index hited.
Sat Aug 13 2016 13:12:44 GMT+0530 (IST)::::1Home/login index hited.
Sat Aug 13 2016 13:12:44 GMT+0530 (IST)::::1404 index hited.
Sat Aug 13 2016 13:12:44 GMT+0530 (IST)::::1404 index hited.
Sat Aug 13 2016 13:12:44 GMT+0530 (IST)::::1Home/login index hited.
Sat Aug 13 2016 13:12:44 GMT+0530 (IST)::::1404 index hited.
Sat Aug 13 2016 13:12:44 GMT+0530 (IST)::::1404 index hited.
Sat Aug 13 2016 13:12:50 GMT+0530 (IST)::Login attempt recieved
Sat Aug 13 2016 13:12:50 GMT+0530 (IST)::Login Failed
Sat Aug 13 2016 13:12:50 GMT+0530 (IST)::::1Login failed hited.
Sat Aug 13 2016 13:12:50 GMT+0530 (IST)::::1404 index hited.
Sat Aug 13 2016 13:12:50 GMT+0530 (IST)::::1404 index hited.
Sat Aug 13 2016 13:13:22 GMT+0530 (IST)::::1Home/login index hited.
Sat Aug 13 2016 13:13:22 GMT+0530 (IST)::::1404 index hited.
Sat Aug 13 2016 13:13:22 GMT+0530 (IST)::::1404 index hited.
Sat Aug 13 2016 13:13:26 GMT+0530 (IST)::Login attempt recieved
Sat Aug 13 2016 13:13:26 GMT+0530 (IST)::Login Autheticated Success
Sat Aug 13 2016 13:13:26 GMT+0530 (IST)::::1DashBoard index hited.
Sat Aug 13 2016 13:13:27 GMT+0530 (IST)::::1404 index hited.
Sat Aug 13 2016 13:13:27 GMT+0530 (IST)::::1404 index hited.
Sat Aug 13 2016 13:13:29 GMT+0530 (IST)::::1Recipt index hited.
Sat Aug 13 2016 13:13:29 GMT+0530 (IST)::::1404 index hited.
Sat Aug 13 2016 13:13:29 GMT+0530 (IST)::::1404 index hited.
Sat Aug 13 2016 13:13:30 GMT+0530 (IST)::::1Reports index hited.
Sat Aug 13 2016 13:13:30 GMT+0530 (IST)::::1404 index hited.
Sat Aug 13 2016 13:13:30 GMT+0530 (IST)::::1404 index hited.
Sat Aug 13 2016 13:13:31 GMT+0530 (IST)::::1Settings index hited.
Sat Aug 13 2016 13:13:31 GMT+0530 (IST)::::1404 index hited.
Sat Aug 13 2016 13:13:31 GMT+0530 (IST)::::1404 index hited.
Sat Aug 13 2016 13:13:33 GMT+0530 (IST)::::1DashBoard index hited.
Sat Aug 13 2016 13:13:33 GMT+0530 (IST)::::1404 index hited.
Sat Aug 13 2016 13:13:33 GMT+0530 (IST)::::1404 index hited.
Sat Aug 13 2016 13:13:34 GMT+0530 (IST)::::1DashBoard index hited.
Sat Aug 13 2016 13:13:34 GMT+0530 (IST)::::1404 index hited.
Sat Aug 13 2016 13:13:34 GMT+0530 (IST)::::1404 index hited.
Sat Aug 13 2016 13:13:35 GMT+0530 (IST)::::1Recipt index hited.
Sat Aug 13 2016 13:13:35 GMT+0530 (IST)::::1404 index hited.
Sat Aug 13 2016 13:13:35 GMT+0530 (IST)::::1404 index hited.
Sat Aug 13 2016 13:13:39 GMT+0530 (IST)::::1Home/login index hited.
Sat Aug 13 2016 13:13:39 GMT+0530 (IST)::::1404 index hited.
Sat Aug 13 2016 13:13:39 GMT+0530 (IST)::::1404 index hited.
Sat Aug 13 2016 13:13:41 GMT+0530 (IST)::Login attempt recieved
Sat Aug 13 2016 13:13:41 GMT+0530 (IST)::Login Autheticated Success
Sat Aug 13 2016 13:13:41 GMT+0530 (IST)::::1DashBoard index hited.
Sat Aug 13 2016 13:13:42 GMT+0530 (IST)::::1404 index hited.
Sat Aug 13 2016 13:13:42 GMT+0530 (IST)::::1404 index hited.
Sat Aug 13 2016 13:13:46 GMT+0530 (IST)::::1Recipt index hited.
Sat Aug 13 2016 13:13:47 GMT+0530 (IST)::::1404 index hited.
Sat Aug 13 2016 13:13:47 GMT+0530 (IST)::::1404 index hited.
Sat Aug 13 2016 13:13:59 GMT+0530 (IST)::::1Reports index hited.
Sat Aug 13 2016 13:14:00 GMT+0530 (IST)::::1404 index hited.
Sat Aug 13 2016 13:14:00 GMT+0530 (IST)::::1404 index hited.
Sat Aug 13 2016 13:14:01 GMT+0530 (IST)::::1Settings index hited.
Sat Aug 13 2016 13:14:01 GMT+0530 (IST)::::1404 index hited.
Sat Aug 13 2016 13:14:01 GMT+0530 (IST)::::1404 index hited.
Sat Aug 13 2016 13:14:02 GMT+0530 (IST)::::1Home/login index hited.
Sat Aug 13 2016 13:14:02 GMT+0530 (IST)::::1404 index hited.
Sat Aug 13 2016 13:14:02 GMT+0530 (IST)::::1404 index hited.
Sat Aug 13 2016 13:14:06 GMT+0530 (IST)::Login attempt recieved
Sat Aug 13 2016 13:14:06 GMT+0530 (IST)::Login Autheticated Success
Sat Aug 13 2016 13:14:06 GMT+0530 (IST)::::1DashBoard index hited.
Sat Aug 13 2016 13:14:06 GMT+0530 (IST)::::1404 index hited.
Sat Aug 13 2016 13:14:06 GMT+0530 (IST)::::1404 index hited.
Sat Aug 13 2016 14:23:51 GMT+0530 (IST)::::1Recipt index hited.
Sat Aug 13 2016 14:23:52 GMT+0530 (IST)::::1404 index hited.
Sat Aug 13 2016 14:23:52 GMT+0530 (IST)::::1404 index hited.
Sat Aug 13 2016 14:24:00 GMT+0530 (IST)::::1DashBoard index hited.
Sat Aug 13 2016 14:24:00 GMT+0530 (IST)::::1404 index hited.
Sat Aug 13 2016 14:24:00 GMT+0530 (IST)::::1404 index hited.
Sat Aug 13 2016 14:24:01 GMT+0530 (IST)::::1Home/login index hited.
Sat Aug 13 2016 14:24:01 GMT+0530 (IST)::::1404 index hited.
Sat Aug 13 2016 14:24:01 GMT+0530 (IST)::::1404 index hited.
Sat Aug 13 2016 14:24:02 GMT+0530 (IST)::Login attempt recieved
Sat Aug 13 2016 14:24:02 GMT+0530 (IST)::Login Autheticated Success
Sat Aug 13 2016 14:24:02 GMT+0530 (IST)::::1DashBoard index hited.
Sat Aug 13 2016 14:24:03 GMT+0530 (IST)::::1404 index hited.
Sat Aug 13 2016 14:24:03 GMT+0530 (IST)::::1404 index hited.
Sat Aug 13 2016 14:24:20 GMT+0530 (IST)::::1Recipt index hited.
Sat Aug 13 2016 14:24:20 GMT+0530 (IST)::::1404 index hited.
Sat Aug 13 2016 14:24:20 GMT+0530 (IST)::::1404 index hited.
Sat Aug 13 2016 14:24:35 GMT+0530 (IST)::::1Reports index hited.
Sat Aug 13 2016 14:24:35 GMT+0530 (IST)::::1404 index hited.
Sat Aug 13 2016 14:24:35 GMT+0530 (IST)::::1404 index hited.
Sat Aug 13 2016 14:24:41 GMT+0530 (IST)::::1Settings index hited.
Sat Aug 13 2016 14:24:41 GMT+0530 (IST)::::1404 index hited.
Sat Aug 13 2016 14:24:41 GMT+0530 (IST)::::1404 index hited.
Sat Aug 13 2016 14:24:42 GMT+0530 (IST)::::1Reports index hited.
Sat Aug 13 2016 14:24:43 GMT+0530 (IST)::::1404 index hited.
Sat Aug 13 2016 14:24:43 GMT+0530 (IST)::::1404 index hited.
Sat Aug 13 2016 14:24:45 GMT+0530 (IST)::::1Settings index hited.
Sat Aug 13 2016 14:24:45 GMT+0530 (IST)::::1404 index hited.
Sat Aug 13 2016 14:24:45 GMT+0530 (IST)::::1404 index hited.
Sat Aug 13 2016 14:24:46 GMT+0530 (IST)::::1Home/login index hited.
Sat Aug 13 2016 14:24:46 GMT+0530 (IST)::::1404 index hited.
Sat Aug 13 2016 14:24:46 GMT+0530 (IST)::::1404 index hited.
Sat Aug 13 2016 14:24:49 GMT+0530 (IST)::Login attempt recieved
Sat Aug 13 2016 14:24:49 GMT+0530 (IST)::Login Autheticated Success
Sat Aug 13 2016 14:24:49 GMT+0530 (IST)::::1DashBoard index hited.
Sat Aug 13 2016 14:24:50 GMT+0530 (IST)::::1404 index hited.
Sat Aug 13 2016 14:24:50 GMT+0530 (IST)::::1404 index hited.
Sat Aug 13 2016 14:24:51 GMT+0530 (IST)::::1Home/login index hited.
Sat Aug 13 2016 14:24:52 GMT+0530 (IST)::::1404 index hited.
Sat Aug 13 2016 14:24:52 GMT+0530 (IST)::::1404 index hited.
Sat Aug 13 2016 14:24:54 GMT+0530 (IST)::Login attempt recieved
Sat Aug 13 2016 14:24:54 GMT+0530 (IST)::Login Failed
Sat Aug 13 2016 14:24:54 GMT+0530 (IST)::::1Login failed hited.
Sat Aug 13 2016 14:24:54 GMT+0530 (IST)::::1404 index hited.
Sat Aug 13 2016 14:24:54 GMT+0530 (IST)::::1404 index hited.
Sat Aug 13 2016 14:24:55 GMT+0530 (IST)::Login attempt recieved
Sat Aug 13 2016 14:24:55 GMT+0530 (IST)::Login Autheticated Success
Sat Aug 13 2016 14:24:56 GMT+0530 (IST)::::1DashBoard index hited.
Sat Aug 13 2016 14:24:56 GMT+0530 (IST)::::1404 index hited.
Sat Aug 13 2016 14:24:56 GMT+0530 (IST)::::1404 index hited.
Sat Aug 13 2016 14:25:02 GMT+0530 (IST)::::1Recipt index hited.
Sat Aug 13 2016 14:25:03 GMT+0530 (IST)::::1404 index hited.
Sat Aug 13 2016 14:25:03 GMT+0530 (IST)::::1404 index hited.
Sat Aug 13 2016 14:25:06 GMT+0530 (IST)::::1Home/login index hited.
Sat Aug 13 2016 14:25:06 GMT+0530 (IST)::::1404 index hited.
Sat Aug 13 2016 14:25:06 GMT+0530 (IST)::::1404 index hited.
Sat Aug 13 2016 14:51:59 GMT+0530 (IST)::Login attempt recieved
Sat Aug 13 2016 14:51:59 GMT+0530 (IST)::Login Autheticated Success
Sat Aug 13 2016 14:51:59 GMT+0530 (IST)::::1DashBoard index hited.
Sat Aug 13 2016 14:51:59 GMT+0530 (IST)::::1404 index hited.
Sat Aug 13 2016 14:51:59 GMT+0530 (IST)::::1404 index hited.
Sat Aug 13 2016 14:52:07 GMT+0530 (IST)::::1Recipt index hited.
Sat Aug 13 2016 14:52:07 GMT+0530 (IST)::::1404 index hited.
Sat Aug 13 2016 14:52:07 GMT+0530 (IST)::::1404 index hited.
Sat Aug 13 2016 14:52:08 GMT+0530 (IST)::::1Reports index hited.
Sat Aug 13 2016 14:52:09 GMT+0530 (IST)::::1404 index hited.
Sat Aug 13 2016 14:52:09 GMT+0530 (IST)::::1404 index hited.
Sat Aug 13 2016 14:52:11 GMT+0530 (IST)::::1Settings index hited.
Sat Aug 13 2016 14:52:12 GMT+0530 (IST)::::1404 index hited.
Sat Aug 13 2016 14:52:12 GMT+0530 (IST)::::1404 index hited.
Sat Aug 13 2016 14:52:18 GMT+0530 (IST)::::1Home/login index hited.
Sat Aug 13 2016 14:52:19 GMT+0530 (IST)::::1404 index hited.
Sat Aug 13 2016 14:52:19 GMT+0530 (IST)::::1404 index hited.
Sat Aug 13 2016 14:52:20 GMT+0530 (IST)::Login attempt recieved
Sat Aug 13 2016 14:52:20 GMT+0530 (IST)::Login Autheticated Success
Sat Aug 13 2016 14:52:20 GMT+0530 (IST)::::1DashBoard index hited.
Sat Aug 13 2016 14:52:20 GMT+0530 (IST)::::1404 index hited.
Sat Aug 13 2016 14:52:20 GMT+0530 (IST)::::1404 index hited.
Sat Aug 13 2016 14:54:24 GMT+0530 (IST)::::1DashBoard index hited.
Sat Aug 13 2016 14:54:25 GMT+0530 (IST)::::1404 index hited.
Sat Aug 13 2016 14:54:25 GMT+0530 (IST)::::1404 index hited.
Sat Aug 13 2016 14:56:24 GMT+0530 (IST)::::1createAccount hited.
Sat Aug 13 2016 14:57:22 GMT+0530 (IST)::::1createAccount hited.
Sat Aug 13 2016 15:05:03 GMT+0530 (IST)::::1createAccount hited. undefined, sd, asd, asd, wqr, 2016-08-27, erw, asd@sg
Sat Aug 13 2016 15:06:20 GMT+0530 (IST)::::1DashBoard index hited.
Sat Aug 13 2016 15:06:20 GMT+0530 (IST)::::1404 index hited.
Sat Aug 13 2016 15:06:20 GMT+0530 (IST)::::1404 index hited.
Sat Aug 13 2016 15:06:55 GMT+0530 (IST)::::1createAccount hited. 9995557080, Asiq, rose, kp, 34567890, 1990-08-02, B+ve, asiq@asad.co
Sat Aug 13 2016 16:41:53 GMT+0530 (IST)::::1Home/login index hited.
Sat Aug 13 2016 16:41:54 GMT+0530 (IST)::::1404 index hited.
Sat Aug 13 2016 16:41:54 GMT+0530 (IST)::::1404 index hited.
Sat Aug 13 2016 16:42:57 GMT+0530 (IST)::Login attempt recieved
Sat Aug 13 2016 16:42:57 GMT+0530 (IST)::Login Autheticated Success
Sat Aug 13 2016 16:42:57 GMT+0530 (IST)::::1DashBoard index hited.
Sat Aug 13 2016 16:42:57 GMT+0530 (IST)::::1404 index hited.
Sat Aug 13 2016 16:42:57 GMT+0530 (IST)::::1404 index hited.
Sat Aug 13 2016 16:46:48 GMT+0530 (IST)::::1Home/login index hited.
Sat Aug 13 2016 16:46:49 GMT+0530 (IST)::::1404 index hited.
Sat Aug 13 2016 16:46:49 GMT+0530 (IST)::::1404 index hited.
Sat Aug 13 2016 16:46:56 GMT+0530 (IST)::Login attempt recieved
Sat Aug 13 2016 16:46:56 GMT+0530 (IST)::Login Failed
Sat Aug 13 2016 16:46:56 GMT+0530 (IST)::::1Login failed hited.
Sat Aug 13 2016 16:46:56 GMT+0530 (IST)::::1404 index hited.
Sat Aug 13 2016 16:46:56 GMT+0530 (IST)::::1404 index hited.
Sat Aug 13 2016 16:47:34 GMT+0530 (IST)::Login attempt recieved
Sat Aug 13 2016 16:48:33 GMT+0530 (IST)::Login attempt recieved
Sat Aug 13 2016 16:51:07 GMT+0530 (IST)::Login attempt recieved
Sat Aug 13 2016 16:52:30 GMT+0530 (IST)::Login attempt recieved
Sat Aug 13 2016 16:53:52 GMT+0530 (IST)::Login attempt recieved
Sat Aug 13 2016 16:58:23 GMT+0530 (IST)::Login attempt recieved
Sat Aug 13 2016 16:58:23 GMT+0530 (IST)::Login Failed
Sat Aug 13 2016 16:58:23 GMT+0530 (IST)::::1Login failed hited.
Sat Aug 13 2016 17:00:46 GMT+0530 (IST)::Login attempt recieved
Sat Aug 13 2016 17:00:46 GMT+0530 (IST)::Login Failed
Sat Aug 13 2016 17:01:16 GMT+0530 (IST)::::1Login failed hited.
Sat Aug 13 2016 17:01:17 GMT+0530 (IST)::::1404 index hited.
Sat Aug 13 2016 17:01:17 GMT+0530 (IST)::::1404 index hited.
Sat Aug 13 2016 17:01:23 GMT+0530 (IST)::Login attempt recieved
Sat Aug 13 2016 17:01:23 GMT+0530 (IST)::Login Failed
Sat Aug 13 2016 17:02:18 GMT+0530 (IST)::::1Login failed hited.
Sat Aug 13 2016 17:02:19 GMT+0530 (IST)::::1404 index hited.
Sat Aug 13 2016 17:02:19 GMT+0530 (IST)::::1404 index hited.
Sat Aug 13 2016 17:02:24 GMT+0530 (IST)::Login attempt recieved
Sat Aug 13 2016 17:02:24 GMT+0530 (IST)::Login Failed
Sat Aug 13 2016 17:02:24 GMT+0530 (IST)::::1Login failed hited.
Sat Aug 13 2016 17:02:24 GMT+0530 (IST)::::1404 index hited.
Sat Aug 13 2016 17:02:24 GMT+0530 (IST)::::1404 index hited.
Sat Aug 13 2016 17:02:47 GMT+0530 (IST)::Login attempt recieved
Sat Aug 13 2016 17:02:47 GMT+0530 (IST)::Login Failed
Sat Aug 13 2016 17:02:47 GMT+0530 (IST)::::1Login failed hited.
Sat Aug 13 2016 17:02:47 GMT+0530 (IST)::::1404 index hited.
Sat Aug 13 2016 17:02:47 GMT+0530 (IST)::::1404 index hited.
Sat Aug 13 2016 17:04:01 GMT+0530 (IST)::Login attempt recieved
Sat Aug 13 2016 17:04:01 GMT+0530 (IST)::Login Failed
Sat Aug 13 2016 17:04:01 GMT+0530 (IST)::::1Login failed hited.
Sat Aug 13 2016 17:04:02 GMT+0530 (IST)::::1404 index hited.
Sat Aug 13 2016 17:04:02 GMT+0530 (IST)::::1404 index hited.
Sat Aug 13 2016 17:04:48 GMT+0530 (IST)::Login attempt recieved
Sat Aug 13 2016 17:04:48 GMT+0530 (IST)::Login Failed
Sat Aug 13 2016 17:04:48 GMT+0530 (IST)::::1Login failed hited.
Sat Aug 13 2016 17:04:48 GMT+0530 (IST)::::1404 index hited.
Sat Aug 13 2016 17:04:48 GMT+0530 (IST)::::1404 index hited.
Sat Aug 13 2016 17:05:52 GMT+0530 (IST)::Login attempt recieved
Sat Aug 13 2016 17:05:52 GMT+0530 (IST)::Login Failed
Sat Aug 13 2016 17:05:52 GMT+0530 (IST)::::1Login failed hited.
Sat Aug 13 2016 17:05:52 GMT+0530 (IST)::::1404 index hited.
Sat Aug 13 2016 17:05:52 GMT+0530 (IST)::::1404 index hited.
Sat Aug 13 2016 17:10:53 GMT+0530 (IST)::Login attempt recieved
Sat Aug 13 2016 17:10:53 GMT+0530 (IST)::Login Failed
Sat Aug 13 2016 17:10:53 GMT+0530 (IST)::::1Login failed hited.
Sat Aug 13 2016 17:15:30 GMT+0530 (IST)::::1Home/login index hited.
Sat Aug 13 2016 17:15:31 GMT+0530 (IST)::::1404 index hited.
Sat Aug 13 2016 17:15:31 GMT+0530 (IST)::::1404 index hited.
Sat Aug 13 2016 17:15:35 GMT+0530 (IST)::Login attempt recieved
Sat Aug 13 2016 17:15:35 GMT+0530 (IST)::Login Failed
Sat Aug 13 2016 17:17:18 GMT+0530 (IST)::::1Login failed hited.
Sat Aug 13 2016 17:17:18 GMT+0530 (IST)::::1404 index hited.
Sat Aug 13 2016 17:17:18 GMT+0530 (IST)::::1404 index hited.
Sat Aug 13 2016 17:17:26 GMT+0530 (IST)::Login attempt recieved
Sat Aug 13 2016 17:17:26 GMT+0530 (IST)::::1Login failed hited.
Sat Aug 13 2016 17:17:26 GMT+0530 (IST)::::1404 index hited.
Sat Aug 13 2016 17:17:26 GMT+0530 (IST)::::1404 index hited.
Sat Aug 13 2016 17:17:42 GMT+0530 (IST)::Login attempt recieved
Sat Aug 13 2016 17:17:42 GMT+0530 (IST)::::1Login failed hited.
Sat Aug 13 2016 17:17:42 GMT+0530 (IST)::::1404 index hited.
Sat Aug 13 2016 17:17:42 GMT+0530 (IST)::::1404 index hited.
Sat Aug 13 2016 17:17:49 GMT+0530 (IST)::Login attempt recieved
Sat Aug 13 2016 17:17:49 GMT+0530 (IST)::::1Login failed hited.
Sat Aug 13 2016 17:17:49 GMT+0530 (IST)::::1404 index hited.
Sat Aug 13 2016 17:17:49 GMT+0530 (IST)::::1404 index hited.
Sat Aug 13 2016 17:19:01 GMT+0530 (IST)::Login attempt recieved
Sat Aug 13 2016 17:19:01 GMT+0530 (IST)::Invalid username
Sat Aug 13 2016 17:19:01 GMT+0530 (IST)::::1Login failed hited.
Sat Aug 13 2016 17:19:02 GMT+0530 (IST)::::1404 index hited.
Sat Aug 13 2016 17:19:02 GMT+0530 (IST)::::1404 index hited.
Sat Aug 13 2016 17:19:56 GMT+0530 (IST)::Login attempt recieved
Sat Aug 13 2016 17:19:56 GMT+0530 (IST)::Invalid username(undefined)
Sat Aug 13 2016 17:19:56 GMT+0530 (IST)::::1Login failed hited.
Sat Aug 13 2016 17:19:57 GMT+0530 (IST)::::1404 index hited.
Sat Aug 13 2016 17:19:57 GMT+0530 (IST)::::1404 index hited.
Sat Aug 13 2016 17:22:50 GMT+0530 (IST)::Login attempt recieved
Sat Aug 13 2016 17:22:50 GMT+0530 (IST)::Login Autheticated Success
Sat Aug 13 2016 17:22:50 GMT+0530 (IST)::::1DashBoard index hited.
Sat Aug 13 2016 17:22:51 GMT+0530 (IST)::::1404 index hited.
Sat Aug 13 2016 17:22:51 GMT+0530 (IST)::::1404 index hited.
Sat Aug 13 2016 17:22:56 GMT+0530 (IST)::::1Home/login index hited.
Sat Aug 13 2016 17:22:56 GMT+0530 (IST)::::1404 index hited.
Sat Aug 13 2016 17:22:56 GMT+0530 (IST)::::1404 index hited.
Sat Aug 13 2016 17:23:01 GMT+0530 (IST)::Login attempt recieved
Sat Aug 13 2016 17:23:01 GMT+0530 (IST)::Invalid password
Sat Aug 13 2016 17:23:01 GMT+0530 (IST)::::1Login failed hited.
Sat Aug 13 2016 17:23:01 GMT+0530 (IST)::::1404 index hited.
Sat Aug 13 2016 17:23:01 GMT+0530 (IST)::::1404 index hited.
Sat Aug 13 2016 17:23:07 GMT+0530 (IST)::Login attempt recieved
Sat Aug 13 2016 17:23:07 GMT+0530 (IST)::Invalid username(ameer)
Sat Aug 13 2016 17:23:07 GMT+0530 (IST)::::1Login failed hited.
Sat Aug 13 2016 17:23:07 GMT+0530 (IST)::::1404 index hited.
Sat Aug 13 2016 17:23:07 GMT+0530 (IST)::::1404 index hited.
Sat Aug 13 2016 17:24:26 GMT+0530 (IST)::Login attempt recieved
Sat Aug 13 2016 17:24:26 GMT+0530 (IST)::Login Autheticated Success
Sat Aug 13 2016 17:24:26 GMT+0530 (IST)::::1DashBoard index hited.
Sat Aug 13 2016 17:24:26 GMT+0530 (IST)::::1404 index hited.
Sat Aug 13 2016 17:24:26 GMT+0530 (IST)::::1404 index hited.
Sat Aug 13 2016 17:24:49 GMT+0530 (IST)::::1Home/login index hited.
Sat Aug 13 2016 17:24:50 GMT+0530 (IST)::::1404 index hited.
Sat Aug 13 2016 17:24:50 GMT+0530 (IST)::::1404 index hited.
Sat Aug 13 2016 17:24:57 GMT+0530 (IST)::Login attempt recieved
Sat Aug 13 2016 17:24:57 GMT+0530 (IST)::Login Autheticated Success
Sat Aug 13 2016 17:24:57 GMT+0530 (IST)::::1DashBoard index hited.
Sat Aug 13 2016 17:24:57 GMT+0530 (IST)::::1404 index hited.
Sat Aug 13 2016 17:24:57 GMT+0530 (IST)::::1404 index hited.
Sat Aug 13 2016 17:25:00 GMT+0530 (IST)::::1Home/login index hited.
Sat Aug 13 2016 17:25:00 GMT+0530 (IST)::::1404 index hited.
Sat Aug 13 2016 17:25:00 GMT+0530 (IST)::::1404 index hited.
Sat Aug 13 2016 17:28:28 GMT+0530 (IST)::Login attempt recieved
Sat Aug 13 2016 17:28:28 GMT+0530 (IST)::Login Autheticated Success(ashiq)
Sat Aug 13 2016 17:28:28 GMT+0530 (IST)::::1DashBoard index hited.
Sat Aug 13 2016 17:28:29 GMT+0530 (IST)::::1404 index hited.
Sat Aug 13 2016 17:28:29 GMT+0530 (IST)::::1404 index hited.
Sat Aug 13 2016 17:28:56 GMT+0530 (IST)::::1Home/login index hited.
Sat Aug 13 2016 17:28:56 GMT+0530 (IST)::::1404 index hited.
Sat Aug 13 2016 17:28:56 GMT+0530 (IST)::::1404 index hited.
Sat Aug 13 2016 17:29:08 GMT+0530 (IST)::Login attempt recieved
Sat Aug 13 2016 17:29:08 GMT+0530 (IST)::Login Autheticated Success(ashiq)
Sat Aug 13 2016 17:29:08 GMT+0530 (IST)::::1DashBoard index hited.
Sat Aug 13 2016 17:29:08 GMT+0530 (IST)::::1404 index hited.
Sat Aug 13 2016 17:29:08 GMT+0530 (IST)::::1404 index hited.
Sat Aug 13 2016 17:29:15 GMT+0530 (IST)::::1Reports index hited.
Sat Aug 13 2016 17:29:15 GMT+0530 (IST)::::1404 index hited.
Sat Aug 13 2016 17:29:15 GMT+0530 (IST)::::1404 index hited.
Sat Aug 13 2016 17:31:07 GMT+0530 (IST)::::1Reports index hited.
Sat Aug 13 2016 17:31:07 GMT+0530 (IST)::::1404 index hited.
Sat Aug 13 2016 17:31:07 GMT+0530 (IST)::::1404 index hited.
Sat Aug 13 2016 17:31:12 GMT+0530 (IST)::::1Recipt index hited.
Sat Aug 13 2016 17:31:12 GMT+0530 (IST)::::1404 index hited.
Sat Aug 13 2016 17:31:12 GMT+0530 (IST)::::1404 index hited.
Sat Aug 13 2016 17:31:13 GMT+0530 (IST)::::1Reports index hited.
Sat Aug 13 2016 17:31:13 GMT+0530 (IST)::::1404 index hited.
Sat Aug 13 2016 17:31:13 GMT+0530 (IST)::::1404 index hited.
Sat Aug 13 2016 17:36:23 GMT+0530 (IST)::::1Home/login index hited.
Sat Aug 13 2016 17:36:24 GMT+0530 (IST)::::1404 index hited.
Sat Aug 13 2016 17:36:24 GMT+0530 (IST)::::1404 index hited.
Sat Aug 13 2016 17:36:30 GMT+0530 (IST)::Login attempt recieved
Sat Aug 13 2016 17:36:30 GMT+0530 (IST)::Login Autheticated Success(ashiq)
Sat Aug 13 2016 17:36:30 GMT+0530 (IST)::::1DashBoard index hited.
Sat Aug 13 2016 17:36:30 GMT+0530 (IST)::::1404 index hited.
Sat Aug 13 2016 17:36:30 GMT+0530 (IST)::::1404 index hited.
Sat Aug 13 2016 17:36:33 GMT+0530 (IST)::::1Recipt index hited.
Sat Aug 13 2016 17:36:34 GMT+0530 (IST)::::1404 index hited.
Sat Aug 13 2016 17:36:34 GMT+0530 (IST)::::1404 index hited.
Sat Aug 13 2016 17:36:36 GMT+0530 (IST)::::1Reports index hited.
Sat Aug 13 2016 17:36:36 GMT+0530 (IST)::::1404 index hited.
Sat Aug 13 2016 17:36:36 GMT+0530 (IST)::::1404 index hited.
Sat Aug 13 2016 17:37:46 GMT+0530 (IST)::::1Reports index hited.
Sat Aug 13 2016 17:37:46 GMT+0530 (IST)::::1404 index hited.
Sat Aug 13 2016 17:37:46 GMT+0530 (IST)::::1404 index hited.
Sat Aug 13 2016 17:39:22 GMT+0530 (IST)::::1Reports index hited.
Sat Aug 13 2016 17:39:22 GMT+0530 (IST)::::1404 index hited.
Sat Aug 13 2016 17:39:22 GMT+0530 (IST)::::1404 index hited.
Sat Aug 13 2016 17:40:56 GMT+0530 (IST)::::1Reports index hited.
Sat Aug 13 2016 17:40:57 GMT+0530 (IST)::::1404 index hited.
Sat Aug 13 2016 17:40:57 GMT+0530 (IST)::::1404 index hited.
Sat Aug 13 2016 17:41:19 GMT+0530 (IST)::::1Recipt index hited.
Sat Aug 13 2016 17:41:19 GMT+0530 (IST)::::1404 index hited.
Sat Aug 13 2016 17:41:19 GMT+0530 (IST)::::1404 index hited.
Sat Aug 13 2016 17:41:20 GMT+0530 (IST)::::1Reports index hited.
Sat Aug 13 2016 17:41:20 GMT+0530 (IST)::::1404 index hited.
Sat Aug 13 2016 17:41:20 GMT+0530 (IST)::::1404 index hited.
Sat Aug 13 2016 17:41:22 GMT+0530 (IST)::::1DashBoard index hited.
Sat Aug 13 2016 17:41:22 GMT+0530 (IST)::::1404 index hited.
Sat Aug 13 2016 17:41:22 GMT+0530 (IST)::::1404 index hited.
Sat Aug 13 2016 17:41:24 GMT+0530 (IST)::::1Recipt index hited.
Sat Aug 13 2016 17:41:24 GMT+0530 (IST)::::1404 index hited.
Sat Aug 13 2016 17:41:24 GMT+0530 (IST)::::1404 index hited.
Sat Aug 13 2016 17:41:25 GMT+0530 (IST)::::1Reports index hited.
Sat Aug 13 2016 17:41:25 GMT+0530 (IST)::::1404 index hited.
Sat Aug 13 2016 17:41:25 GMT+0530 (IST)::::1404 index hited.
Sat Aug 13 2016 17:41:26 GMT+0530 (IST)::::1Settings index hited.
Sat Aug 13 2016 17:41:26 GMT+0530 (IST)::::1404 index hited.
Sat Aug 13 2016 17:41:26 GMT+0530 (IST)::::1404 index hited.
Sat Aug 13 2016 17:45:31 GMT+0530 (IST)::::1Settings index hited.
Sat Aug 13 2016 17:45:31 GMT+0530 (IST)::::1404 index hited.
Sat Aug 13 2016 17:45:31 GMT+0530 (IST)::::1404 index hited.
Sat Aug 13 2016 17:45:42 GMT+0530 (IST)::::1Settings index hited.
Sat Aug 13 2016 17:45:42 GMT+0530 (IST)::::1404 index hited.
Sat Aug 13 2016 17:45:42 GMT+0530 (IST)::::1404 index hited.
Sat Aug 13 2016 17:45:44 GMT+0530 (IST)::::1Settings index hited.
Sat Aug 13 2016 17:45:44 GMT+0530 (IST)::::1404 index hited.
Sat Aug 13 2016 17:45:44 GMT+0530 (IST)::::1404 index hited.
Sat Aug 13 2016 17:45:46 GMT+0530 (IST)::::1DashBoard index hited.
Sat Aug 13 2016 17:45:46 GMT+0530 (IST)::::1404 index hited.
Sat Aug 13 2016 17:45:46 GMT+0530 (IST)::::1404 index hited.
Sat Aug 13 2016 17:45:48 GMT+0530 (IST)::::1createAccount hited. , , , , , , , 
Sat Aug 13 2016 17:45:56 GMT+0530 (IST)::::1Recipt index hited.
Sat Aug 13 2016 17:45:56 GMT+0530 (IST)::::1404 index hited.
Sat Aug 13 2016 17:45:56 GMT+0530 (IST)::::1404 index hited.
Sat Aug 13 2016 17:45:57 GMT+0530 (IST)::::1Reports index hited.
Sat Aug 13 2016 17:45:57 GMT+0530 (IST)::::1404 index hited.
Sat Aug 13 2016 17:45:57 GMT+0530 (IST)::::1404 index hited.
Sat Aug 13 2016 17:45:58 GMT+0530 (IST)::::1Settings index hited.
Sat Aug 13 2016 17:45:59 GMT+0530 (IST)::::1404 index hited.
Sat Aug 13 2016 17:45:59 GMT+0530 (IST)::::1404 index hited.
Sat Aug 13 2016 17:46:00 GMT+0530 (IST)::::1Reports index hited.
Sat Aug 13 2016 17:46:00 GMT+0530 (IST)::::1404 index hited.
Sat Aug 13 2016 17:46:00 GMT+0530 (IST)::::1404 index hited.
Sat Aug 13 2016 17:46:06 GMT+0530 (IST)::::1Settings index hited.
Sat Aug 13 2016 17:46:07 GMT+0530 (IST)::::1404 index hited.
Sat Aug 13 2016 17:46:07 GMT+0530 (IST)::::1404 index hited.
Sat Aug 13 2016 17:46:59 GMT+0530 (IST)::::1Home/login index hited.
Sat Aug 13 2016 17:46:59 GMT+0530 (IST)::::1404 index hited.
Sat Aug 13 2016 17:46:59 GMT+0530 (IST)::::1404 index hited.
Sat Aug 13 2016 17:47:20 GMT+0530 (IST)::Login attempt recieved
Sat Aug 13 2016 17:47:20 GMT+0530 (IST)::Login Autheticated Success(ashiqm)
Sat Aug 13 2016 17:47:20 GMT+0530 (IST)::::1DashBoard index hited.
Sat Aug 13 2016 17:47:21 GMT+0530 (IST)::::1404 index hited.
Sat Aug 13 2016 17:47:21 GMT+0530 (IST)::::1404 index hited.
Sat Aug 13 2016 17:47:22 GMT+0530 (IST)::::1Recipt index hited.
Sat Aug 13 2016 17:47:23 GMT+0530 (IST)::::1404 index hited.
Sat Aug 13 2016 17:47:23 GMT+0530 (IST)::::1404 index hited.
Sat Aug 13 2016 17:47:23 GMT+0530 (IST)::::1Reports index hited.
Sat Aug 13 2016 17:47:23 GMT+0530 (IST)::::1404 index hited.
Sat Aug 13 2016 17:47:23 GMT+0530 (IST)::::1404 index hited.
Sat Aug 13 2016 17:47:24 GMT+0530 (IST)::::1Recipt index hited.
Sat Aug 13 2016 17:47:25 GMT+0530 (IST)::::1404 index hited.
Sat Aug 13 2016 17:47:25 GMT+0530 (IST)::::1404 index hited.
Sat Aug 13 2016 17:47:33 GMT+0530 (IST)::::1Reports index hited.
Sat Aug 13 2016 17:47:33 GMT+0530 (IST)::::1404 index hited.
Sat Aug 13 2016 17:47:33 GMT+0530 (IST)::::1404 index hited.
Sat Aug 13 2016 17:47:35 GMT+0530 (IST)::::1Recipt index hited.
Sat Aug 13 2016 17:47:35 GMT+0530 (IST)::::1404 index hited.
Sat Aug 13 2016 17:47:35 GMT+0530 (IST)::::1404 index hited.
Sat Aug 13 2016 17:47:37 GMT+0530 (IST)::::1DashBoard index hited.
Sat Aug 13 2016 17:47:37 GMT+0530 (IST)::::1404 index hited.
Sat Aug 13 2016 17:47:37 GMT+0530 (IST)::::1404 index hited.
Sat Aug 13 2016 17:47:38 GMT+0530 (IST)::::1Home/login index hited.
Sat Aug 13 2016 17:47:38 GMT+0530 (IST)::::1404 index hited.
Sat Aug 13 2016 17:47:38 GMT+0530 (IST)::::1404 index hited.
Sat Aug 13 2016 17:47:40 GMT+0530 (IST)::Login attempt recieved
Sat Aug 13 2016 17:47:40 GMT+0530 (IST)::Invalid username()
Sat Aug 13 2016 17:47:40 GMT+0530 (IST)::::1Login failed hited.
Sat Aug 13 2016 17:47:40 GMT+0530 (IST)::::1404 index hited.
Sat Aug 13 2016 17:47:40 GMT+0530 (IST)::::1404 index hited.
Sat Aug 13 2016 17:47:46 GMT+0530 (IST)::Login attempt recieved
Sat Aug 13 2016 17:47:46 GMT+0530 (IST)::Login Autheticated Success(ashiqm)
Sat Aug 13 2016 17:47:46 GMT+0530 (IST)::::1DashBoard index hited.
Sat Aug 13 2016 17:47:47 GMT+0530 (IST)::::1404 index hited.
Sat Aug 13 2016 17:47:47 GMT+0530 (IST)::::1404 index hited.
Sat Aug 13 2016 17:47:56 GMT+0530 (IST)::::1Recipt index hited.
Sat Aug 13 2016 17:47:56 GMT+0530 (IST)::::1404 index hited.
Sat Aug 13 2016 17:47:56 GMT+0530 (IST)::::1404 index hited.
Sat Aug 13 2016 17:48:02 GMT+0530 (IST)::::1Reports index hited.
Sat Aug 13 2016 17:48:02 GMT+0530 (IST)::::1404 index hited.
Sat Aug 13 2016 17:48:02 GMT+0530 (IST)::::1404 index hited.
Sat Aug 13 2016 17:48:04 GMT+0530 (IST)::::1Recipt index hited.
Sat Aug 13 2016 17:48:04 GMT+0530 (IST)::::1404 index hited.
Sat Aug 13 2016 17:48:04 GMT+0530 (IST)::::1404 index hited.
Sat Aug 13 2016 17:48:16 GMT+0530 (IST)::::1Reports index hited.
Sat Aug 13 2016 17:48:16 GMT+0530 (IST)::::1404 index hited.
Sat Aug 13 2016 17:48:16 GMT+0530 (IST)::::1404 index hited.
Sat Aug 13 2016 17:48:17 GMT+0530 (IST)::::1Settings index hited.
Sat Aug 13 2016 17:48:17 GMT+0530 (IST)::::1404 index hited.
Sat Aug 13 2016 17:48:17 GMT+0530 (IST)::::1404 index hited.
Sat Aug 13 2016 17:48:23 GMT+0530 (IST)::::1DashBoard index hited.
Sat Aug 13 2016 17:48:23 GMT+0530 (IST)::::1404 index hited.
Sat Aug 13 2016 17:48:23 GMT+0530 (IST)::::1404 index hited.
Sat Aug 13 2016 17:48:24 GMT+0530 (IST)::::1Recipt index hited.
Sat Aug 13 2016 17:48:24 GMT+0530 (IST)::::1404 index hited.
Sat Aug 13 2016 17:48:24 GMT+0530 (IST)::::1404 index hited.
Sat Aug 13 2016 17:48:24 GMT+0530 (IST)::::1Reports index hited.
Sat Aug 13 2016 17:48:25 GMT+0530 (IST)::::1404 index hited.
Sat Aug 13 2016 17:48:25 GMT+0530 (IST)::::1404 index hited.
Sat Aug 13 2016 17:52:24 GMT+0530 (IST)::::1Reports index hited.
Sat Aug 13 2016 17:53:16 GMT+0530 (IST)::::1Reports index hited.
Sat Aug 13 2016 17:54:19 GMT+0530 (IST)::::1Reports index hited.
Sat Aug 13 2016 17:54:20 GMT+0530 (IST)::::1404 index hited.
Sat Aug 13 2016 17:54:20 GMT+0530 (IST)::::1404 index hited.
Sat Aug 13 2016 17:55:07 GMT+0530 (IST)::::1Reports index hited.
Sat Aug 13 2016 17:55:08 GMT+0530 (IST)::::1404 index hited.
Sat Aug 13 2016 17:55:08 GMT+0530 (IST)::::1404 index hited.
Sat Aug 13 2016 17:55:12 GMT+0530 (IST)::::1Reports index hited.
Sat Aug 13 2016 17:55:12 GMT+0530 (IST)::::1404 index hited.
Sat Aug 13 2016 17:55:12 GMT+0530 (IST)::::1404 index hited.
Sat Aug 13 2016 17:55:21 GMT+0530 (IST)::::1Reports index hited.
Sat Aug 13 2016 17:55:21 GMT+0530 (IST)::::1404 index hited.
Sat Aug 13 2016 17:55:21 GMT+0530 (IST)::::1404 index hited.
Sat Aug 13 2016 17:56:41 GMT+0530 (IST)::::1Recipt index hited.
Sat Aug 13 2016 17:56:42 GMT+0530 (IST)::::1404 index hited.
Sat Aug 13 2016 17:56:42 GMT+0530 (IST)::::1404 index hited.
Sat Aug 13 2016 17:56:43 GMT+0530 (IST)::::1Reports index hited.
Sat Aug 13 2016 17:56:43 GMT+0530 (IST)::::1404 index hited.
Sat Aug 13 2016 17:56:43 GMT+0530 (IST)::::1404 index hited.
Sat Aug 13 2016 17:57:36 GMT+0530 (IST)::::1Reports index hited.
Sat Aug 13 2016 17:57:36 GMT+0530 (IST)::::1404 index hited.
Sat Aug 13 2016 17:57:36 GMT+0530 (IST)::::1404 index hited.
Sat Aug 13 2016 17:57:37 GMT+0530 (IST)::::1Reports index hited.
Sat Aug 13 2016 17:57:37 GMT+0530 (IST)::::1404 index hited.
Sat Aug 13 2016 17:57:37 GMT+0530 (IST)::::1404 index hited.
Sat Aug 13 2016 17:57:40 GMT+0530 (IST)::::1Recipt index hited.
Sat Aug 13 2016 17:57:41 GMT+0530 (IST)::::1404 index hited.
Sat Aug 13 2016 17:57:41 GMT+0530 (IST)::::1404 index hited.
Sat Aug 13 2016 17:57:42 GMT+0530 (IST)::::1Reports index hited.
Sat Aug 13 2016 17:57:42 GMT+0530 (IST)::::1404 index hited.
Sat Aug 13 2016 17:57:42 GMT+0530 (IST)::::1404 index hited.
Sat Aug 13 2016 17:59:17 GMT+0530 (IST)::::1Reports index hited.
Sat Aug 13 2016 17:59:18 GMT+0530 (IST)::::1404 index hited.
Sat Aug 13 2016 17:59:18 GMT+0530 (IST)::::1404 index hited.
Sat Aug 13 2016 17:59:19 GMT+0530 (IST)::::1Recipt index hited.
Sat Aug 13 2016 17:59:19 GMT+0530 (IST)::::1404 index hited.
Sat Aug 13 2016 17:59:19 GMT+0530 (IST)::::1404 index hited.
Sat Aug 13 2016 17:59:20 GMT+0530 (IST)::::1Reports index hited.
Sat Aug 13 2016 17:59:20 GMT+0530 (IST)::::1404 index hited.
Sat Aug 13 2016 17:59:20 GMT+0530 (IST)::::1404 index hited.
Sat Aug 13 2016 18:01:54 GMT+0530 (IST)::::1Reports index hited.
Sat Aug 13 2016 18:01:54 GMT+0530 (IST)::::1404 index hited.
Sat Aug 13 2016 18:01:54 GMT+0530 (IST)::::1404 index hited.
Sat Aug 13 2016 18:02:42 GMT+0530 (IST)::::1Reports index hited.
Sat Aug 13 2016 18:02:43 GMT+0530 (IST)::::1404 index hited.
Sat Aug 13 2016 18:02:43 GMT+0530 (IST)::::1404 index hited.
Sat Aug 13 2016 18:02:44 GMT+0530 (IST)::::1Reports index hited.
Sat Aug 13 2016 18:02:44 GMT+0530 (IST)::::1404 index hited.
Sat Aug 13 2016 18:02:44 GMT+0530 (IST)::::1404 index hited.
Sat Aug 13 2016 18:02:45 GMT+0530 (IST)::::1Reports index hited.
Sat Aug 13 2016 18:02:45 GMT+0530 (IST)::::1404 index hited.
Sat Aug 13 2016 18:02:45 GMT+0530 (IST)::::1404 index hited.
Sat Aug 13 2016 18:03:30 GMT+0530 (IST)::::1Reports index hited.
Sat Aug 13 2016 18:03:30 GMT+0530 (IST)::::1404 index hited.
Sat Aug 13 2016 18:03:30 GMT+0530 (IST)::::1404 index hited.
Sat Aug 13 2016 18:05:30 GMT+0530 (IST)::::1Reports index hited.
Sat Aug 13 2016 18:05:30 GMT+0530 (IST)::::1404 index hited.
Sat Aug 13 2016 18:05:30 GMT+0530 (IST)::::1404 index hited.
Sat Aug 13 2016 18:08:34 GMT+0530 (IST)::::1Reports index hited.
Sat Aug 13 2016 18:08:35 GMT+0530 (IST)::::1404 index hited.
Sat Aug 13 2016 18:08:35 GMT+0530 (IST)::::1404 index hited.
Sat Aug 13 2016 18:09:17 GMT+0530 (IST)::::1Reports index hited.
Sat Aug 13 2016 18:12:26 GMT+0530 (IST)::::1Reports index hited.
Sat Aug 13 2016 18:14:05 GMT+0530 (IST)::::1Reports index hited.
Sat Aug 13 2016 18:14:06 GMT+0530 (IST)::::1404 index hited.
Sat Aug 13 2016 18:14:06 GMT+0530 (IST)::::1404 index hited.
Sat Aug 13 2016 18:21:36 GMT+0530 (IST)::::1Home/login index hited.
Sat Aug 13 2016 18:21:37 GMT+0530 (IST)::::1404 index hited.
Sat Aug 13 2016 18:21:37 GMT+0530 (IST)::::1404 index hited.
Sat Aug 13 2016 18:21:43 GMT+0530 (IST)::Login attempt recieved
Sat Aug 13 2016 18:21:43 GMT+0530 (IST)::Login Autheticated Success(ashiqm)
Sat Aug 13 2016 18:21:43 GMT+0530 (IST)::Invalid username(ashiqm)
Sat Aug 13 2016 18:21:43 GMT+0530 (IST)::::1DashBoard index hited.
Sat Aug 13 2016 18:21:43 GMT+0530 (IST)::::1404 index hited.
Sat Aug 13 2016 18:21:43 GMT+0530 (IST)::::1404 index hited.
Sat Aug 13 2016 18:21:47 GMT+0530 (IST)::::1Home/login index hited.
Sat Aug 13 2016 18:21:48 GMT+0530 (IST)::::1404 index hited.
Sat Aug 13 2016 18:21:48 GMT+0530 (IST)::::1404 index hited.
Sat Aug 13 2016 18:21:51 GMT+0530 (IST)::Login attempt recieved
Sat Aug 13 2016 18:21:51 GMT+0530 (IST)::Invalid username(adas)
Sat Aug 13 2016 18:21:51 GMT+0530 (IST)::::1Login failed hited.
Sat Aug 13 2016 18:21:51 GMT+0530 (IST)::::1404 index hited.
Sat Aug 13 2016 18:21:51 GMT+0530 (IST)::::1404 index hited.
Sat Aug 13 2016 18:21:58 GMT+0530 (IST)::Login attempt recieved
Sat Aug 13 2016 18:21:58 GMT+0530 (IST)::Login Autheticated Success(ashiqm)
Sat Aug 13 2016 18:21:58 GMT+0530 (IST)::Invalid username(ashiqm)
Sat Aug 13 2016 18:21:58 GMT+0530 (IST)::::1DashBoard index hited.
Sat Aug 13 2016 18:21:58 GMT+0530 (IST)::::1404 index hited.
Sat Aug 13 2016 18:21:58 GMT+0530 (IST)::::1404 index hited.
Sat Aug 13 2016 18:21:59 GMT+0530 (IST)::::1Reports index hited.
Sat Aug 13 2016 18:22:00 GMT+0530 (IST)::::1404 index hited.
Sat Aug 13 2016 18:22:00 GMT+0530 (IST)::::1404 index hited.
Sat Aug 13 2016 18:22:53 GMT+0530 (IST)::::1Reports index hited.
Sat Aug 13 2016 18:22:54 GMT+0530 (IST)::::1404 index hited.
Sat Aug 13 2016 18:22:54 GMT+0530 (IST)::::1404 index hited.
Sat Aug 13 2016 18:24:00 GMT+0530 (IST)::::1Home/login index hited.
Sat Aug 13 2016 18:24:01 GMT+0530 (IST)::::1404 index hited.
Sat Aug 13 2016 18:24:01 GMT+0530 (IST)::::1404 index hited.
Sat Aug 13 2016 18:24:04 GMT+0530 (IST)::Login attempt recieved
Sat Aug 13 2016 18:24:04 GMT+0530 (IST)::Invalid username()
Sat Aug 13 2016 18:24:04 GMT+0530 (IST)::::1Login failed hited.
Sat Aug 13 2016 18:24:05 GMT+0530 (IST)::::1404 index hited.
Sat Aug 13 2016 18:24:05 GMT+0530 (IST)::::1404 index hited.
Sat Aug 13 2016 18:24:17 GMT+0530 (IST)::Login attempt recieved
Sat Aug 13 2016 18:24:17 GMT+0530 (IST)::Login Autheticated Success(ashiqm)
Sat Aug 13 2016 18:24:17 GMT+0530 (IST)::Invalid username(ashiqm)
Sat Aug 13 2016 18:24:17 GMT+0530 (IST)::::1DashBoard index hited.
Sat Aug 13 2016 18:24:17 GMT+0530 (IST)::::1404 index hited.
Sat Aug 13 2016 18:24:17 GMT+0530 (IST)::::1404 index hited.
Sat Aug 13 2016 18:25:27 GMT+0530 (IST)::::1Settings index hited.
Sat Aug 13 2016 18:25:27 GMT+0530 (IST)::::1404 index hited.
Sat Aug 13 2016 18:25:27 GMT+0530 (IST)::::1404 index hited.
Sat Aug 13 2016 18:25:28 GMT+0530 (IST)::::1Recipt index hited.
Sat Aug 13 2016 18:25:28 GMT+0530 (IST)::::1404 index hited.
Sat Aug 13 2016 18:25:28 GMT+0530 (IST)::::1404 index hited.
Sat Aug 13 2016 18:25:29 GMT+0530 (IST)::::1DashBoard index hited.
Sat Aug 13 2016 18:25:29 GMT+0530 (IST)::::1404 index hited.
Sat Aug 13 2016 18:25:29 GMT+0530 (IST)::::1404 index hited.
Sat Aug 13 2016 18:25:37 GMT+0530 (IST)::::1Recipt index hited.
Sat Aug 13 2016 18:25:37 GMT+0530 (IST)::::1404 index hited.
Sat Aug 13 2016 18:25:37 GMT+0530 (IST)::::1404 index hited.
Sat Aug 13 2016 18:25:38 GMT+0530 (IST)::::1Reports index hited.
Sat Aug 13 2016 18:25:38 GMT+0530 (IST)::::1404 index hited.
Sat Aug 13 2016 18:25:38 GMT+0530 (IST)::::1404 index hited.
Sat Aug 13 2016 18:25:39 GMT+0530 (IST)::::1Settings index hited.
Sat Aug 13 2016 18:25:39 GMT+0530 (IST)::::1404 index hited.
Sat Aug 13 2016 18:25:39 GMT+0530 (IST)::::1404 index hited.
Sat Aug 13 2016 18:25:42 GMT+0530 (IST)::::1DashBoard index hited.
Sat Aug 13 2016 18:25:42 GMT+0530 (IST)::::1404 index hited.
Sat Aug 13 2016 18:25:42 GMT+0530 (IST)::::1404 index hited.
Sat Aug 13 2016 18:25:42 GMT+0530 (IST)::::1Home/login index hited.
Sat Aug 13 2016 18:25:43 GMT+0530 (IST)::::1404 index hited.
Sat Aug 13 2016 18:25:43 GMT+0530 (IST)::::1404 index hited.
Sat Aug 13 2016 18:25:51 GMT+0530 (IST)::Login attempt recieved
Sat Aug 13 2016 18:25:51 GMT+0530 (IST)::Login Autheticated Success(ashiqm)
Sat Aug 13 2016 18:25:51 GMT+0530 (IST)::Invalid username(ashiqm)
Sat Aug 13 2016 18:25:51 GMT+0530 (IST)::::1DashBoard index hited.
Sat Aug 13 2016 18:25:51 GMT+0530 (IST)::::1404 index hited.
Sat Aug 13 2016 18:25:51 GMT+0530 (IST)::::1404 index hited.
Sat Aug 13 2016 18:26:29 GMT+0530 (IST)::::1Home/login index hited.
Sat Aug 13 2016 18:26:29 GMT+0530 (IST)::::1404 index hited.
Sat Aug 13 2016 18:26:29 GMT+0530 (IST)::::1404 index hited.
Sat Aug 13 2016 18:26:34 GMT+0530 (IST)::Login attempt recieved
Sat Aug 13 2016 18:26:34 GMT+0530 (IST)::Invalid username(sad)
Sat Aug 13 2016 18:26:34 GMT+0530 (IST)::::1Login failed hited.
Sat Aug 13 2016 18:26:34 GMT+0530 (IST)::::1404 index hited.
Sat Aug 13 2016 18:26:34 GMT+0530 (IST)::::1404 index hited.
Sat Aug 13 2016 18:28:04 GMT+0530 (IST)::Login attempt recieved
Sat Aug 13 2016 18:28:04 GMT+0530 (IST)::Invalid username(er)
Sat Aug 13 2016 18:28:04 GMT+0530 (IST)::::1Login failed hited.
Sat Aug 13 2016 18:28:04 GMT+0530 (IST)::::1404 index hited.
Sat Aug 13 2016 18:28:04 GMT+0530 (IST)::::1404 index hited.
Sat Aug 13 2016 18:28:13 GMT+0530 (IST)::Login attempt recieved
Sat Aug 13 2016 18:28:13 GMT+0530 (IST)::Login Autheticated Success(ashiqm)
Sat Aug 13 2016 18:28:13 GMT+0530 (IST)::Invalid username(ashiqm)
Sat Aug 13 2016 18:28:13 GMT+0530 (IST)::::1DashBoard index hited.
Sat Aug 13 2016 18:28:13 GMT+0530 (IST)::::1404 index hited.
Sat Aug 13 2016 18:28:13 GMT+0530 (IST)::::1404 index hited.
Sat Aug 13 2016 18:29:24 GMT+0530 (IST)::::1Home/login index hited.
Sat Aug 13 2016 18:29:25 GMT+0530 (IST)::::1404 index hited.
Sat Aug 13 2016 18:29:25 GMT+0530 (IST)::::1404 index hited.
Sat Aug 13 2016 18:29:33 GMT+0530 (IST)::Login attempt recieved
Sat Aug 13 2016 18:29:33 GMT+0530 (IST)::Login Autheticated Success(ashiqm)
Sat Aug 13 2016 18:29:33 GMT+0530 (IST)::::1DashBoard index hited.
Sat Aug 13 2016 18:29:33 GMT+0530 (IST)::::1404 index hited.
Sat Aug 13 2016 18:29:33 GMT+0530 (IST)::::1404 index hited.
Sat Aug 13 2016 18:30:25 GMT+0530 (IST)::::1Home/login index hited.
Sat Aug 13 2016 18:30:26 GMT+0530 (IST)::::1404 index hited.
Sat Aug 13 2016 18:30:26 GMT+0530 (IST)::::1404 index hited.
Sat Aug 13 2016 18:30:34 GMT+0530 (IST)::::1DashBoard index hited.
Sat Aug 13 2016 18:30:34 GMT+0530 (IST)::::1404 index hited.
Sat Aug 13 2016 18:30:34 GMT+0530 (IST)::::1404 index hited.
Sat Aug 13 2016 18:30:40 GMT+0530 (IST)::::1Reports index hited.
Sat Aug 13 2016 18:30:40 GMT+0530 (IST)::::1404 index hited.
Sat Aug 13 2016 18:30:40 GMT+0530 (IST)::::1404 index hited.
Sat Aug 13 2016 18:37:10 GMT+0530 (IST)::::1Reports index hited.
Sat Aug 13 2016 18:39:34 GMT+0530 (IST)::::1Reports index hited.
Sat Aug 13 2016 18:39:34 GMT+0530 (IST)::::1404 index hited.
Sat Aug 13 2016 18:39:34 GMT+0530 (IST)::::1404 index hited.
Sat Aug 13 2016 18:42:15 GMT+0530 (IST)::::1Reports index hited.
Sat Aug 13 2016 18:42:16 GMT+0530 (IST)::::1404 index hited.
Sat Aug 13 2016 18:42:16 GMT+0530 (IST)::::1404 index hited.
Sat Aug 13 2016 18:42:23 GMT+0530 (IST)::::1Recipt index hited.
Sat Aug 13 2016 18:42:23 GMT+0530 (IST)::::1404 index hited.
Sat Aug 13 2016 18:42:23 GMT+0530 (IST)::::1404 index hited.
Sat Aug 13 2016 18:42:24 GMT+0530 (IST)::::1Reports index hited.
Sat Aug 13 2016 18:42:24 GMT+0530 (IST)::::1404 index hited.
Sat Aug 13 2016 18:42:24 GMT+0530 (IST)::::1404 index hited.
Sat Aug 13 2016 18:42:25 GMT+0530 (IST)::::1DashBoard index hited.
Sat Aug 13 2016 18:42:25 GMT+0530 (IST)::::1404 index hited.
Sat Aug 13 2016 18:42:25 GMT+0530 (IST)::::1404 index hited.
Sat Aug 13 2016 18:42:26 GMT+0530 (IST)::::1Recipt index hited.
Sat Aug 13 2016 18:42:26 GMT+0530 (IST)::::1404 index hited.
Sat Aug 13 2016 18:42:26 GMT+0530 (IST)::::1404 index hited.
Sat Aug 13 2016 18:42:27 GMT+0530 (IST)::::1Reports index hited.
Sat Aug 13 2016 18:42:27 GMT+0530 (IST)::::1404 index hited.
Sat Aug 13 2016 18:42:27 GMT+0530 (IST)::::1404 index hited.
Sat Aug 13 2016 18:42:34 GMT+0530 (IST)::::1Settings index hited.
Sat Aug 13 2016 18:42:34 GMT+0530 (IST)::::1404 index hited.
Sat Aug 13 2016 18:42:34 GMT+0530 (IST)::::1404 index hited.
Sat Aug 13 2016 18:42:35 GMT+0530 (IST)::::1Reports index hited.
Sat Aug 13 2016 18:42:35 GMT+0530 (IST)::::1404 index hited.
Sat Aug 13 2016 18:42:35 GMT+0530 (IST)::::1404 index hited.
Sat Aug 13 2016 18:42:36 GMT+0530 (IST)::::1Recipt index hited.
Sat Aug 13 2016 18:42:36 GMT+0530 (IST)::::1404 index hited.
Sat Aug 13 2016 18:42:36 GMT+0530 (IST)::::1404 index hited.
Sat Aug 13 2016 18:42:37 GMT+0530 (IST)::::1DashBoard index hited.
Sat Aug 13 2016 18:42:37 GMT+0530 (IST)::::1404 index hited.
Sat Aug 13 2016 18:42:37 GMT+0530 (IST)::::1404 index hited.
Sat Aug 13 2016 18:42:38 GMT+0530 (IST)::::1Home/login index hited.
Sat Aug 13 2016 18:42:38 GMT+0530 (IST)::::1404 index hited.
Sat Aug 13 2016 18:42:38 GMT+0530 (IST)::::1404 index hited.
Sat Aug 13 2016 18:42:40 GMT+0530 (IST)::Login attempt recieved
Sat Aug 13 2016 18:42:40 GMT+0530 (IST)::Invalid username()
Sat Aug 13 2016 18:42:40 GMT+0530 (IST)::::1Login failed hited.
Sat Aug 13 2016 18:42:40 GMT+0530 (IST)::::1404 index hited.
Sat Aug 13 2016 18:42:40 GMT+0530 (IST)::::1404 index hited.
Sat Aug 13 2016 18:42:48 GMT+0530 (IST)::Login attempt recieved
Sat Aug 13 2016 18:42:48 GMT+0530 (IST)::Login Autheticated Success(ashiqm)
Sat Aug 13 2016 18:42:48 GMT+0530 (IST)::::1DashBoard index hited.
Sat Aug 13 2016 18:42:48 GMT+0530 (IST)::::1404 index hited.
Sat Aug 13 2016 18:42:48 GMT+0530 (IST)::::1404 index hited.
Sat Aug 13 2016 18:42:50 GMT+0530 (IST)::::1Recipt index hited.
Sat Aug 13 2016 18:42:50 GMT+0530 (IST)::::1404 index hited.
Sat Aug 13 2016 18:42:50 GMT+0530 (IST)::::1404 index hited.
Sat Aug 13 2016 18:42:54 GMT+0530 (IST)::::1Reports index hited.
Sat Aug 13 2016 18:42:54 GMT+0530 (IST)::::1404 index hited.
Sat Aug 13 2016 18:42:54 GMT+0530 (IST)::::1404 index hited.
Sat Aug 13 2016 18:46:38 GMT+0530 (IST)::::1Reports index hited.
Sat Aug 13 2016 18:46:38 GMT+0530 (IST)::::1404 index hited.
Sat Aug 13 2016 18:46:38 GMT+0530 (IST)::::1404 index hited.
Sat Aug 13 2016 18:47:35 GMT+0530 (IST)::::1Reports index hited.
Sat Aug 13 2016 18:47:35 GMT+0530 (IST)::::1404 index hited.
Sat Aug 13 2016 18:47:35 GMT+0530 (IST)::::1404 index hited.
Sat Aug 13 2016 18:47:48 GMT+0530 (IST)::::1Recipt index hited.
Sat Aug 13 2016 18:47:48 GMT+0530 (IST)::::1404 index hited.
Sat Aug 13 2016 18:47:48 GMT+0530 (IST)::::1404 index hited.
Sat Aug 13 2016 18:47:49 GMT+0530 (IST)::::1Reports index hited.
Sat Aug 13 2016 18:47:49 GMT+0530 (IST)::::1404 index hited.
Sat Aug 13 2016 18:47:49 GMT+0530 (IST)::::1404 index hited.
Sat Aug 13 2016 18:48:28 GMT+0530 (IST)::::1Recipt index hited.
Sat Aug 13 2016 18:48:28 GMT+0530 (IST)::::1404 index hited.
Sat Aug 13 2016 18:48:28 GMT+0530 (IST)::::1404 index hited.
Sat Aug 13 2016 18:48:29 GMT+0530 (IST)::::1DashBoard index hited.
Sat Aug 13 2016 18:48:29 GMT+0530 (IST)::::1404 index hited.
Sat Aug 13 2016 18:48:29 GMT+0530 (IST)::::1404 index hited.
Sat Aug 13 2016 18:48:30 GMT+0530 (IST)::::1Home/login index hited.
Sat Aug 13 2016 18:48:31 GMT+0530 (IST)::::1404 index hited.
Sat Aug 13 2016 18:48:31 GMT+0530 (IST)::::1404 index hited.
Sat Aug 13 2016 18:48:36 GMT+0530 (IST)::::1DashBoard index hited.
Sat Aug 13 2016 18:48:36 GMT+0530 (IST)::::1404 index hited.
Sat Aug 13 2016 18:48:36 GMT+0530 (IST)::::1404 index hited.
Sat Aug 13 2016 18:48:48 GMT+0530 (IST)::::1Recipt index hited.
Sat Aug 13 2016 18:48:48 GMT+0530 (IST)::::1404 index hited.
Sat Aug 13 2016 18:48:48 GMT+0530 (IST)::::1404 index hited.
Sat Aug 13 2016 18:48:50 GMT+0530 (IST)::::1Reports index hited.
Sat Aug 13 2016 18:48:50 GMT+0530 (IST)::::1404 index hited.
Sat Aug 13 2016 18:48:50 GMT+0530 (IST)::::1404 index hited.
Sat Aug 13 2016 18:48:54 GMT+0530 (IST)::::1Settings index hited.
Sat Aug 13 2016 18:48:55 GMT+0530 (IST)::::1404 index hited.
Sat Aug 13 2016 18:48:55 GMT+0530 (IST)::::1404 index hited.
Sat Aug 13 2016 18:48:57 GMT+0530 (IST)::::1Reports index hited.
Sat Aug 13 2016 18:48:57 GMT+0530 (IST)::::1404 index hited.
Sat Aug 13 2016 18:48:57 GMT+0530 (IST)::::1404 index hited.
Sat Aug 13 2016 18:48:59 GMT+0530 (IST)::::1Recipt index hited.
Sat Aug 13 2016 18:48:59 GMT+0530 (IST)::::1404 index hited.
Sat Aug 13 2016 18:48:59 GMT+0530 (IST)::::1404 index hited.
Sat Aug 13 2016 18:49:02 GMT+0530 (IST)::::1DashBoard index hited.
Sat Aug 13 2016 18:49:02 GMT+0530 (IST)::::1404 index hited.
Sat Aug 13 2016 18:49:02 GMT+0530 (IST)::::1404 index hited.
Sat Aug 13 2016 19:01:26 GMT+0530 (IST)::::1Reports index hited.
Sat Aug 13 2016 19:01:27 GMT+0530 (IST)::::1404 index hited.
Sat Aug 13 2016 19:01:27 GMT+0530 (IST)::::1404 index hited.
Sat Aug 13 2016 19:01:29 GMT+0530 (IST)::::1DashBoard index hited.
Sat Aug 13 2016 19:01:29 GMT+0530 (IST)::::1404 index hited.
Sat Aug 13 2016 19:01:29 GMT+0530 (IST)::::1404 index hited.
Sat Aug 13 2016 19:02:44 GMT+0530 (IST)::::1createAccount hited. [object Object]
Sat Aug 13 2016 19:02:44 GMT+0530 (IST)::::1Reports index hited.
Sat Aug 13 2016 19:02:45 GMT+0530 (IST)::::1404 index hited.
Sat Aug 13 2016 19:02:45 GMT+0530 (IST)::::1404 index hited.
Sat Aug 13 2016 19:04:39 GMT+0530 (IST)::::1createAccount hited. [object Object]
Sat Aug 13 2016 19:04:39 GMT+0530 (IST)::::1Reports index hited.
Sat Aug 13 2016 19:04:40 GMT+0530 (IST)::::1404 index hited.
Sat Aug 13 2016 19:04:40 GMT+0530 (IST)::::1404 index hited.
Sat Aug 13 2016 19:13:56 GMT+0530 (IST)::::1createAccount hited. [object Object]
Sat Aug 13 2016 19:13:56 GMT+0530 (IST)::::1Reports index hited.
Sat Aug 13 2016 19:15:47 GMT+0530 (IST)::::1Reports index hited.
Sat Aug 13 2016 19:16:01 GMT+0530 (IST)::::1Reports index hited.
Sat Aug 13 2016 19:16:15 GMT+0530 (IST)::::1Reports index hited.
Sat Aug 13 2016 19:16:16 GMT+0530 (IST)::::1404 index hited.
Sat Aug 13 2016 19:16:16 GMT+0530 (IST)::::1404 index hited.
Sat Aug 13 2016 19:20:17 GMT+0530 (IST)::::1DashBoard index hited.
Sat Aug 13 2016 19:20:17 GMT+0530 (IST)::::1404 index hited.
Sat Aug 13 2016 19:20:17 GMT+0530 (IST)::::1404 index hited.
Sat Aug 13 2016 19:29:04 GMT+0530 (IST)::::1createAccount hited. [object Object]
Sat Aug 13 2016 19:29:04 GMT+0530 (IST)::::1DashBoard index hited.
Sat Aug 13 2016 19:29:04 GMT+0530 (IST)::::1404 index hited.
Sat Aug 13 2016 19:29:04 GMT+0530 (IST)::::1404 index hited.
Sat Aug 13 2016 19:29:06 GMT+0530 (IST)::::1Reports index hited.
Sat Aug 13 2016 19:29:06 GMT+0530 (IST)::::1404 index hited.
Sat Aug 13 2016 19:29:06 GMT+0530 (IST)::::1404 index hited.
Sat Aug 13 2016 19:29:41 GMT+0530 (IST)::::1Reports index hited.
Sat Aug 13 2016 19:29:47 GMT+0530 (IST)::::1Reports index hited.
Sat Aug 13 2016 19:40:29 GMT+0530 (IST)::::1createAccount hited. [object Object]
Sat Aug 13 2016 19:40:29 GMT+0530 (IST)::::1DashBoard index hited.
Sat Aug 13 2016 19:40:30 GMT+0530 (IST)::::1404 index hited.
Sat Aug 13 2016 19:40:30 GMT+0530 (IST)::::1404 index hited.
Sat Aug 13 2016 19:40:32 GMT+0530 (IST)::::1Reports index hited.
Sat Aug 13 2016 19:40:32 GMT+0530 (IST)::::1404 index hited.
Sat Aug 13 2016 19:40:32 GMT+0530 (IST)::::1404 index hited.
Sat Aug 13 2016 19:44:57 GMT+0530 (IST)::::1DashBoard index hited.
Sat Aug 13 2016 19:44:58 GMT+0530 (IST)::::1404 index hited.
Sat Aug 13 2016 19:44:58 GMT+0530 (IST)::::1404 index hited.
Sat Aug 13 2016 19:44:59 GMT+0530 (IST)::::1Home/login index hited.
Sat Aug 13 2016 19:45:00 GMT+0530 (IST)::::1404 index hited.
Sat Aug 13 2016 19:45:00 GMT+0530 (IST)::::1404 index hited.
Sat Aug 13 2016 19:45:03 GMT+0530 (IST)::Login attempt recieved
Sat Aug 13 2016 19:45:03 GMT+0530 (IST)::Invalid username()
Sat Aug 13 2016 19:45:03 GMT+0530 (IST)::::1Login failed hited.
Sat Aug 13 2016 19:45:03 GMT+0530 (IST)::::1404 index hited.
Sat Aug 13 2016 19:45:03 GMT+0530 (IST)::::1404 index hited.
